TN:
SF:src/app.ts
FNF:0
FNH:0
DA:7,0
DA:8,0
DA:9,0
DA:10,0
DA:11,0
DA:12,0
DA:13,0
DA:15,0
DA:20,0
DA:23,0
DA:26,0
DA:27,0
DA:30,0
DA:33,0
DA:37,0
DA:41,0
DA:43,0
LF:17
LH:0
BRF:0
BRH:0
end_of_record
TN:
SF:src/__tests__/mocks.ts
FN:3,(anonymous_0)
FN:4,(anonymous_1)
FN:5,(anonymous_2)
FN:6,(anonymous_3)
FN:8,(anonymous_4)
FN:9,(anonymous_5)
FN:12,(anonymous_6)
FN:13,(anonymous_7)
FNF:8
FNH:0
FNDA:0,(anonymous_0)
FNDA:0,(anonymous_1)
FNDA:0,(anonymous_2)
FNDA:0,(anonymous_3)
FNDA:0,(anonymous_4)
FNDA:0,(anonymous_5)
FNDA:0,(anonymous_6)
FNDA:0,(anonymous_7)
DA:2,0
DA:3,0
DA:4,0
DA:5,0
DA:6,0
DA:12,0
DA:13,0
DA:16,0
LF:8
LH:0
BRF:0
BRH:0
end_of_record
TN:
SF:src/agents/agent-discovery.ts
FN:44,getAgentDirs
FN:73,discoverInDir
FN:150,loadDbAgents
FN:193,discoverAndRegisterAgents
FNF:4
FNH:0
FNDA:0,getAgentDirs
FNDA:0,discoverInDir
FNDA:0,loadDbAgents
FNDA:0,discoverAndRegisterAgents
DA:11,0
DA:12,0
DA:13,0
DA:15,0
DA:16,0
DA:17,0
DA:18,0
DA:19,0
DA:35,0
DA:38,0
DA:45,0
DA:46,0
DA:49,0
DA:50,0
DA:51,0
DA:52,0
DA:53,0
DA:58,0
DA:59,0
DA:62,0
DA:74,0
DA:77,0
DA:78,0
DA:80,0
DA:81,0
DA:84,0
DA:85,0
DA:87,0
DA:88,0
DA:89,0
DA:91,0
DA:95,0
DA:96,0
DA:97,0
DA:98,0
DA:100,0
DA:101,0
DA:102,0
DA:103,0
DA:104,0
DA:106,0
DA:112,0
DA:113,0
DA:115,0
DA:116,0
DA:117,0
DA:120,0
DA:122,0
DA:124,0
DA:126,0
DA:128,0
DA:129,0
DA:130,0
DA:132,0
DA:136,0
DA:137,0
DA:139,0
DA:144,0
DA:151,0
DA:152,0
DA:154,0
DA:155,0
DA:156,0
DA:158,0
DA:159,0
DA:160,0
DA:163,0
DA:164,0
DA:175,0
DA:176,0
DA:177,0
DA:178,0
DA:179,0
DA:181,0
DA:185,0
DA:193,0
DA:194,0
DA:195,0
DA:196,0
DA:199,0
DA:200,0
DA:203,0
DA:204,0
DA:205,0
DA:206,0
DA:207,0
DA:208,0
DA:209,0
DA:216,0
DA:217,0
DA:219,0
DA:220,0
DA:221,0
DA:222,0
DA:223,0
DA:224,0
DA:226,0
DA:227,0
DA:228,0
DA:229,0
DA:238,0
LF:101
LH:0
BRDA:51,0,0,0
BRDA:58,1,0,0
BRDA:85,2,0,0
BRDA:89,3,0,0
BRDA:96,4,0,0
BRDA:115,5,0,0
BRDA:122,6,0,0
BRDA:122,6,1,0
BRDA:124,7,0,0
BRDA:124,7,1,0
BRDA:124,8,0,0
BRDA:124,8,1,0
BRDA:124,8,2,0
BRDA:124,8,3,0
BRDA:136,9,0,0
BRDA:136,9,1,0
BRDA:152,10,0,0
BRDA:152,10,1,0
BRDA:155,11,0,0
BRDA:155,12,0,0
BRDA:155,12,1,0
BRDA:159,13,0,0
BRDA:163,14,0,0
BRDA:163,14,1,0
BRDA:163,15,0,0
BRDA:163,15,1,0
BRDA:167,16,0,0
BRDA:167,16,1,0
BRDA:193,17,0,0
BRDA:194,18,0,0
BRDA:205,19,0,0
BRDA:211,20,0,0
BRDA:211,20,1,0
BRDA:222,21,0,0
BRDA:231,22,0,0
BRDA:231,22,1,0
BRDA:232,23,0,0
BRDA:232,23,1,0
BRF:38
BRH:0
end_of_record
TN:
SF:src/agents/base-agent.ts
FN:56,resolveModelConfig
FN:65,(anonymous_2)
FN:72,(anonymous_3)
FN:82,(anonymous_4)
FN:122,createAgentChat
FN:154,buildRagTools
FN:182,convertHistoryToMessages
FN:246,runAgent
FN:313,(anonymous_9)
FN:322,(anonymous_10)
FN:325,(anonymous_11)
FNF:11
FNH:0
FNDA:0,resolveModelConfig
FNDA:0,(anonymous_2)
FNDA:0,(anonymous_3)
FNDA:0,(anonymous_4)
FNDA:0,createAgentChat
FNDA:0,buildRagTools
FNDA:0,convertHistoryToMessages
FNDA:0,runAgent
FNDA:0,(anonymous_9)
FNDA:0,(anonymous_10)
FNDA:0,(anonymous_11)
DA:14,0
DA:18,0
DA:19,0
DA:20,0
DA:21,0
DA:22,0
DA:23,0
DA:24,0
DA:25,0
DA:26,0
DA:56,0
DA:57,0
DA:58,0
DA:59,0
DA:60,0
DA:62,0
DA:65,0
DA:66,0
DA:67,0
DA:68,0
DA:72,0
DA:73,0
DA:74,0
DA:82,0
DA:83,0
DA:84,0
DA:92,0
DA:93,0
DA:94,0
DA:102,0
DA:122,0
DA:126,0
DA:127,0
DA:134,0
DA:154,0
DA:155,0
DA:156,0
DA:157,0
DA:159,0
DA:170,0
DA:182,0
DA:187,0
DA:188,0
DA:190,0
DA:191,0
DA:192,0
DA:193,0
DA:194,0
DA:199,0
DA:246,0
DA:260,0
DA:263,0
DA:264,0
DA:265,0
DA:269,0
DA:278,0
DA:281,0
DA:284,0
DA:287,0
DA:290,0
DA:291,0
DA:292,0
DA:293,0
DA:294,0
DA:295,0
DA:296,0
DA:298,0
DA:302,0
DA:305,0
DA:313,0
DA:317,0
DA:320,0
DA:321,0
DA:322,0
DA:323,0
DA:324,0
DA:325,0
DA:329,0
LF:78
LH:0
BRDA:58,0,0,0
BRDA:58,0,1,0
BRDA:60,1,0,0
BRDA:60,1,1,0
BRDA:60,1,2,0
BRDA:62,2,0,0
BRDA:62,2,1,0
BRDA:62,3,0,0
BRDA:62,3,1,0
BRDA:62,4,0,0
BRDA:62,4,1,0
BRDA:62,4,2,0
BRDA:66,5,0,0
BRDA:67,6,0,0
BRDA:67,7,0,0
BRDA:67,7,1,0
BRDA:67,8,0,0
BRDA:67,8,1,0
BRDA:67,8,2,0
BRDA:68,9,0,0
BRDA:68,9,1,0
BRDA:73,10,0,0
BRDA:76,11,0,0
BRDA:76,11,1,0
BRDA:76,11,2,0
BRDA:77,12,0,0
BRDA:77,12,1,0
BRDA:77,12,2,0
BRDA:82,13,0,0
BRDA:82,13,1,0
BRDA:83,14,0,0
BRDA:86,15,0,0
BRDA:86,15,1,0
BRDA:86,15,2,0
BRDA:87,16,0,0
BRDA:87,16,1,0
BRDA:87,16,2,0
BRDA:93,17,0,0
BRDA:95,18,0,0
BRDA:95,18,1,0
BRDA:96,19,0,0
BRDA:96,19,1,0
BRDA:96,19,2,0
BRDA:97,20,0,0
BRDA:97,20,1,0
BRDA:97,20,2,0
BRDA:103,21,0,0
BRDA:103,21,1,0
BRDA:104,22,0,0
BRDA:104,22,1,0
BRDA:105,23,0,0
BRDA:105,23,1,0
BRDA:122,24,0,0
BRDA:156,25,0,0
BRDA:184,26,0,0
BRDA:191,27,0,0
BRDA:191,27,1,0
BRDA:193,28,0,0
BRDA:193,29,0,0
BRDA:193,29,1,0
BRDA:253,30,0,0
BRDA:256,31,0,0
BRDA:257,32,0,0
BRDA:258,33,0,0
BRDA:264,34,0,0
BRDA:273,35,0,0
BRDA:273,35,1,0
BRDA:292,36,0,0
BRDA:324,37,0,0
BRF:69
BRH:0
end_of_record
TN:
SF:src/agents/domain-agent.ts
FN:80,loadAgentConfig
FN:138,createDomainAgent
FN:154,run
FNF:3
FNH:0
FNDA:0,loadAgentConfig
FNDA:0,createDomainAgent
FNDA:0,run
DA:16,0
DA:17,0
DA:20,0
DA:21,0
DA:22,0
DA:80,0
DA:81,0
DA:82,0
DA:83,0
DA:86,0
DA:87,0
DA:88,0
DA:90,0
DA:91,0
DA:92,0
DA:96,0
DA:97,0
DA:98,0
DA:99,0
DA:100,0
DA:102,0
DA:106,0
DA:107,0
DA:110,0
DA:120,0
DA:121,0
DA:138,0
DA:149,0
DA:152,0
DA:155,0
DA:156,0
DA:170,0
DA:172,0
DA:173,0
DA:177,0
LF:35
LH:0
BRDA:82,0,0,0
BRDA:90,1,0,0
BRDA:90,2,0,0
BRDA:90,2,1,0
BRDA:96,3,0,0
BRDA:96,3,1,0
BRDA:98,4,0,0
BRDA:106,5,0,0
BRDA:107,6,0,0
BRDA:107,6,1,0
BRDA:113,7,0,0
BRDA:113,7,1,0
BRDA:145,8,0,0
BRDA:147,9,0,0
BRDA:148,10,0,0
BRF:15
BRH:0
end_of_record
TN:
SF:src/agents/global-tool-loader.ts
FN:28,getGlobalToolsDir
FN:42,loadGlobalTools
FN:105,loadGlobalToolConfigs
FN:116,getMcpServersDir
FN:123,loadMcpServerConfigs
FN:166,loadMcpTools
FN:191,loadAllGlobalTools
FNF:7
FNH:0
FNDA:0,getGlobalToolsDir
FNDA:0,loadGlobalTools
FNDA:0,loadGlobalToolConfigs
FNDA:0,getMcpServersDir
FNDA:0,loadMcpServerConfigs
FNDA:0,loadMcpTools
FNDA:0,loadAllGlobalTools
DA:13,0
DA:14,0
DA:16,0
DA:17,0
DA:18,0
DA:28,0
DA:29,0
DA:42,0
DA:46,0
DA:47,0
DA:48,0
DA:50,0
DA:52,0
DA:53,0
DA:54,0
DA:56,0
DA:58,0
DA:62,0
DA:63,0
DA:65,0
DA:66,0
DA:69,0
DA:71,0
DA:72,0
DA:74,0
DA:75,0
DA:76,0
DA:77,0
DA:79,0
DA:80,0
DA:81,0
DA:84,0
DA:87,0
DA:88,0
DA:91,0
DA:92,0
DA:93,0
DA:95,0
DA:99,0
DA:105,0
DA:106,0
DA:116,0
DA:117,0
DA:123,0
DA:124,0
DA:125,0
DA:127,0
DA:128,0
DA:132,0
DA:133,0
DA:135,0
DA:136,0
DA:139,0
DA:140,0
DA:142,0
DA:143,0
DA:144,0
DA:145,0
DA:147,0
DA:148,0
DA:149,0
DA:152,0
DA:153,0
DA:155,0
DA:159,0
DA:166,0
DA:167,0
DA:168,0
DA:170,0
DA:171,0
DA:172,0
DA:175,0
DA:176,0
DA:177,0
DA:178,0
DA:180,0
DA:184,0
DA:191,0
DA:196,0
DA:197,0
DA:198,0
DA:200,0
LF:82
LH:0
BRDA:50,0,0,0
BRDA:72,1,0,0
BRDA:79,2,0,0
BRDA:79,3,0,0
BRDA:79,3,1,0
BRDA:79,3,2,0
BRDA:87,4,0,0
BRDA:127,5,0,0
BRDA:140,6,0,0
BRDA:147,7,0,0
BRDA:147,8,0,0
BRDA:147,8,1,0
BRDA:171,9,0,0
BRF:13
BRH:0
end_of_record
TN:
SF:src/agents/mcp-client.ts
FN:54,toAdapterConnection
FN:80,getOrCreateClient
FN:106,closeMcpClient
FN:122,closeAllMcpClients
FN:140,extractAllowedDirs
FN:142,(anonymous_15)
FN:150,resolveFilePathArgs
FN:171,(anonymous_17)
FN:173,(anonymous_18)
FN:187,cleanToolArgs
FN:206,jsonSchemaPropertyToZod
FN:239,jsonSchemaToZod
FN:260,ensureZodSchema
FN:280,wrapToolsWithArgProcessing
FN:285,(anonymous_24)
FN:287,(anonymous_25)
FN:310,listMcpTools
FN:322,(anonymous_27)
FN:343,createMcpTools
FN:354,(anonymous_29)
FN:359,(anonymous_30)
FNF:21
FNH:0
FNDA:0,toAdapterConnection
FNDA:0,getOrCreateClient
FNDA:0,closeMcpClient
FNDA:0,closeAllMcpClients
FNDA:0,extractAllowedDirs
FNDA:0,(anonymous_15)
FNDA:0,resolveFilePathArgs
FNDA:0,(anonymous_17)
FNDA:0,(anonymous_18)
FNDA:0,cleanToolArgs
FNDA:0,jsonSchemaPropertyToZod
FNDA:0,jsonSchemaToZod
FNDA:0,ensureZodSchema
FNDA:0,wrapToolsWithArgProcessing
FNDA:0,(anonymous_24)
FNDA:0,(anonymous_25)
FNDA:0,listMcpTools
FNDA:0,(anonymous_27)
FNDA:0,createMcpTools
FNDA:0,(anonymous_29)
FNDA:0,(anonymous_30)
DA:10,0
DA:11,0
DA:12,0
DA:13,0
DA:14,0
DA:49,0
DA:55,0
DA:56,0
DA:57,0
DA:58,0
DA:60,0
DA:66,0
DA:67,0
DA:69,0
DA:81,0
DA:82,0
DA:84,0
DA:90,0
DA:98,0
DA:99,0
DA:100,0
DA:106,0
DA:107,0
DA:108,0
DA:109,0
DA:110,0
DA:111,0
DA:112,0
DA:114,0
DA:122,0
DA:123,0
DA:124,0
DA:133,0
DA:140,0
DA:141,0
DA:142,0
DA:155,0
DA:156,0
DA:158,0
DA:159,0
DA:161,0
DA:162,0
DA:163,0
DA:164,0
DA:165,0
DA:169,0
DA:170,0
DA:171,0
DA:172,0
DA:173,0
DA:174,0
DA:180,0
DA:188,0
DA:189,0
DA:190,0
DA:191,0
DA:193,0
DA:207,0
DA:208,0
DA:211,0
DA:213,0
DA:216,0
DA:218,0
DA:220,0
DA:221,0
DA:222,0
DA:225,0
DA:226,0
DA:227,0
DA:229,0
DA:232,0
DA:240,0
DA:241,0
DA:242,0
DA:244,0
DA:245,0
DA:246,0
DA:247,0
DA:249,0
DA:252,0
DA:261,0
DA:268,0
DA:271,0
DA:285,0
DA:286,0
DA:287,0
DA:288,0
DA:289,0
DA:290,0
DA:294,0
DA:295,0
DA:310,0
DA:315,0
DA:316,0
DA:317,0
DA:318,0
DA:319,0
DA:321,0
DA:322,0
DA:328,0
DA:329,0
DA:343,0
DA:348,0
DA:349,0
DA:350,0
DA:352,0
DA:353,0
DA:354,0
DA:358,0
DA:359,0
DA:363,0
DA:365,0
DA:366,0
LF:113
LH:0
BRDA:55,0,0,0
BRDA:55,0,1,0
BRDA:56,1,0,0
BRDA:57,2,0,0
BRDA:66,3,0,0
BRDA:72,4,0,0
BRDA:72,4,1,0
BRDA:82,5,0,0
BRDA:85,6,0,0
BRDA:85,6,1,0
BRDA:108,7,0,0
BRDA:141,8,0,0
BRDA:141,9,0,0
BRDA:141,9,1,0
BRDA:142,10,0,0
BRDA:142,10,1,0
BRDA:156,11,0,0
BRDA:163,12,0,0
BRDA:163,13,0,0
BRDA:163,13,1,0
BRDA:163,13,2,0
BRDA:170,14,0,0
BRDA:170,15,0,0
BRDA:170,15,1,0
BRDA:170,15,2,0
BRDA:171,16,0,0
BRDA:171,16,1,0
BRDA:172,17,0,0
BRDA:174,18,0,0
BRDA:174,18,1,0
BRDA:174,19,0,0
BRDA:174,19,1,0
BRDA:190,20,0,0
BRDA:190,21,0,0
BRDA:190,21,1,0
BRDA:190,21,2,0
BRDA:207,22,0,0
BRDA:207,23,0,0
BRDA:207,23,1,0
BRDA:207,23,2,0
BRDA:211,24,0,0
BRDA:211,24,1,0
BRDA:211,24,2,0
BRDA:211,24,3,0
BRDA:211,24,4,0
BRDA:211,24,5,0
BRDA:211,24,6,0
BRDA:221,25,0,0
BRDA:221,25,1,0
BRDA:226,26,0,0
BRDA:240,27,0,0
BRDA:240,27,1,0
BRDA:241,28,0,0
BRDA:241,28,1,0
BRDA:246,29,0,0
BRDA:246,30,0,0
BRDA:246,30,1,0
BRDA:249,31,0,0
BRDA:249,31,1,0
BRDA:261,32,0,0
BRDA:262,33,0,0
BRDA:262,33,1,0
BRDA:262,33,2,0
BRDA:262,33,3,0
BRDA:297,34,0,0
BRDA:297,34,1,0
BRDA:318,35,0,0
BRDA:346,36,0,0
BRDA:358,37,0,0
BRDA:358,38,0,0
BRDA:358,38,1,0
BRF:71
BRH:0
end_of_record
TN:
SF:src/agents/rag-service.ts
FN:22,pickDefaultEmbeddingModel
FN:47,getEmbeddingConfig
FN:55,(anonymous_12)
FN:56,(anonymous_13)
FN:73,createEmbeddingModel
FN:96,splitText
FN:121,getConnection
FN:148,ingestDocuments
FN:171,(anonymous_18)
FN:175,(anonymous_19)
FN:221,searchKnowledge
FN:258,(anonymous_21)
FN:269,hasKnowledge
FN:293,listDocuments
FN:332,(anonymous_24)
FN:342,deleteDocument
FN:369,(anonymous_26)
FNF:17
FNH:0
FNDA:0,pickDefaultEmbeddingModel
FNDA:0,getEmbeddingConfig
FNDA:0,(anonymous_12)
FNDA:0,(anonymous_13)
FNDA:0,createEmbeddingModel
FNDA:0,splitText
FNDA:0,getConnection
FNDA:0,ingestDocuments
FNDA:0,(anonymous_18)
FNDA:0,(anonymous_19)
FNDA:0,searchKnowledge
FNDA:0,(anonymous_21)
FNDA:0,hasKnowledge
FNDA:0,listDocuments
FNDA:0,(anonymous_24)
FNDA:0,deleteDocument
FNDA:0,(anonymous_26)
DA:12,0
DA:13,0
DA:14,0
DA:15,0
DA:16,0
DA:19,0
DA:23,0
DA:24,0
DA:28,0
DA:30,0
DA:48,0
DA:49,0
DA:50,0
DA:52,0
DA:55,0
DA:56,0
DA:59,0
DA:60,0
DA:61,0
DA:63,0
DA:74,0
DA:75,0
DA:97,0
DA:98,0
DA:99,0
DA:100,0
DA:103,0
DA:104,0
DA:105,0
DA:106,0
DA:107,0
DA:108,0
DA:109,0
DA:111,0
DA:119,0
DA:122,0
DA:123,0
DA:124,0
DA:125,0
DA:127,0
DA:148,0
DA:153,0
DA:155,0
DA:156,0
DA:157,0
DA:160,0
DA:163,0
DA:164,0
DA:165,0
DA:166,0
DA:168,0
DA:171,0
DA:172,0
DA:175,0
DA:184,0
DA:185,0
DA:187,0
DA:189,0
DA:190,0
DA:191,0
DA:194,0
DA:195,0
DA:198,0
DA:221,0
DA:227,0
DA:228,0
DA:229,0
DA:230,0
DA:233,0
DA:235,0
DA:236,0
DA:238,0
DA:239,0
DA:243,0
DA:244,0
DA:247,0
DA:248,0
DA:252,0
DA:253,0
DA:256,0
DA:258,0
DA:269,0
DA:270,0
DA:271,0
DA:272,0
DA:273,0
DA:274,0
DA:276,0
DA:293,0
DA:294,0
DA:296,0
DA:297,0
DA:299,0
DA:303,0
DA:304,0
DA:306,0
DA:311,0
DA:312,0
DA:315,0
DA:316,0
DA:318,0
DA:321,0
DA:322,0
DA:323,0
DA:324,0
DA:325,0
DA:326,0
DA:328,0
DA:332,0
DA:342,0
DA:343,0
DA:345,0
DA:346,0
DA:348,0
DA:352,0
DA:353,0
DA:355,0
DA:360,0
DA:361,0
DA:363,0
DA:364,0
DA:366,0
DA:369,0
DA:372,0
DA:374,0
DA:375,0
LF:126
LH:0
BRDA:23,0,0,0
BRDA:23,1,0,0
BRDA:23,1,1,0
BRDA:48,2,0,0
BRDA:48,2,1,0
BRDA:50,3,0,0
BRDA:50,3,1,0
BRDA:52,4,0,0
BRDA:52,4,1,0
BRDA:52,5,0,0
BRDA:52,5,1,0
BRDA:53,6,0,0
BRDA:53,6,1,0
BRDA:53,6,2,0
BRDA:55,7,0,0
BRDA:55,7,1,0
BRDA:55,7,2,0
BRDA:59,8,0,0
BRDA:59,8,1,0
BRDA:59,8,2,0
BRDA:60,9,0,0
BRDA:60,9,1,0
BRDA:60,9,2,0
BRDA:61,10,0,0
BRDA:61,10,1,0
BRDA:66,11,0,0
BRDA:66,11,1,0
BRDA:74,12,0,0
BRDA:74,12,1,0
BRDA:78,13,0,0
BRDA:78,13,1,0
BRDA:98,14,0,0
BRDA:123,15,0,0
BRDA:153,16,0,0
BRDA:156,17,0,0
BRDA:224,18,0,0
BRDA:228,19,0,0
BRDA:262,20,0,0
BRDA:262,20,1,0
BRDA:325,21,0,0
BRDA:325,21,1,0
BRF:41
BRH:0
end_of_record
TN:
SF:src/agents/rag-tool.ts
FN:27,createRagTool
FN:40,(anonymous_2)
FN:50,(anonymous_3)
FN:68,buildRagPrompt
FNF:4
FNH:0
FNDA:0,createRagTool
FNDA:0,(anonymous_2)
FNDA:0,(anonymous_3)
FNDA:0,buildRagPrompt
DA:9,0
DA:10,0
DA:11,0
DA:12,0
DA:27,0
DA:28,0
DA:30,0
DA:34,0
DA:41,0
DA:42,0
DA:43,0
DA:44,0
DA:45,0
DA:49,0
DA:51,0
DA:52,0
DA:56,0
DA:58,0
DA:59,0
DA:68,0
DA:69,0
LF:21
LH:0
BRDA:28,0,0,0
BRDA:44,1,0,0
BRDA:59,2,0,0
BRDA:59,2,1,0
BRF:4
BRH:0
end_of_record
TN:
SF:src/agents/skill-loader.ts
FN:24,parseFrontmatter
FN:49,listSubdirFiles
FN:53,(anonymous_12)
FN:57,(anonymous_13)
FN:69,loadSkillFromDir
FN:128,loadSkillFromFile
FN:158,loadSkills
FN:200,findSkill
FN:201,(anonymous_18)
FNF:9
FNH:0
FNDA:0,parseFrontmatter
FNDA:0,listSubdirFiles
FNDA:0,(anonymous_12)
FNDA:0,(anonymous_13)
FNDA:0,loadSkillFromDir
FNDA:0,loadSkillFromFile
FNDA:0,loadSkills
FNDA:0,findSkill
FNDA:0,(anonymous_18)
DA:14,0
DA:15,0
DA:17,0
DA:25,0
DA:26,0
DA:28,0
DA:29,0
DA:30,0
DA:31,0
DA:33,0
DA:34,0
DA:35,0
DA:36,0
DA:37,0
DA:38,0
DA:43,0
DA:50,0
DA:51,0
DA:52,0
DA:54,0
DA:55,0
DA:58,0
DA:59,0
DA:62,0
DA:70,0
DA:71,0
DA:73,0
DA:74,0
DA:75,0
DA:77,0
DA:78,0
DA:79,0
DA:81,0
DA:82,0
DA:83,0
DA:87,0
DA:88,0
DA:94,0
DA:97,0
DA:100,0
DA:101,0
DA:102,0
DA:103,0
DA:107,0
DA:117,0
DA:118,0
DA:120,0
DA:121,0
DA:129,0
DA:130,0
DA:131,0
DA:133,0
DA:134,0
DA:135,0
DA:136,0
DA:138,0
DA:139,0
DA:140,0
DA:143,0
DA:145,0
DA:146,0
DA:158,0
DA:159,0
DA:160,0
DA:162,0
DA:163,0
DA:167,0
DA:168,0
DA:170,0
DA:171,0
DA:174,0
DA:175,0
DA:177,0
DA:178,0
DA:180,0
DA:182,0
DA:183,0
DA:184,0
DA:186,0
DA:187,0
DA:190,0
DA:194,0
DA:200,0
DA:201,0
LF:84
LH:0
BRDA:29,0,0,0
BRDA:35,1,0,0
BRDA:50,2,0,0
BRDA:71,3,0,0
BRDA:77,4,0,0
BRDA:77,4,1,0
BRDA:78,5,0,0
BRDA:78,5,1,0
BRDA:79,6,0,0
BRDA:79,6,1,0
BRDA:81,7,0,0
BRDA:87,8,0,0
BRDA:87,8,1,0
BRDA:88,9,0,0
BRDA:88,9,1,0
BRDA:94,10,0,0
BRDA:101,11,0,0
BRDA:102,12,0,0
BRDA:109,13,0,0
BRDA:109,13,1,0
BRDA:110,14,0,0
BRDA:110,14,1,0
BRDA:111,15,0,0
BRDA:111,15,1,0
BRDA:134,16,0,0
BRDA:134,16,1,0
BRDA:135,17,0,0
BRDA:135,17,1,0
BRDA:136,18,0,0
BRDA:136,18,1,0
BRDA:138,19,0,0
BRDA:162,20,0,0
BRDA:180,21,0,0
BRDA:180,21,1,0
BRDA:183,22,0,0
BRDA:184,23,0,0
BRDA:184,24,0,0
BRDA:184,24,1,0
BRDA:187,25,0,0
BRF:39
BRH:0
end_of_record
TN:
SF:src/agents/skill-runner.ts
FN:25,cleanToolCallArgs
FN:78,runWithSkills
FN:90,(anonymous_3)
FN:132,(anonymous_4)
FN:141,(anonymous_5)
FN:204,(anonymous_6)
FNF:6
FNH:0
FNDA:0,cleanToolCallArgs
FNDA:0,runWithSkills
FNDA:0,(anonymous_3)
FNDA:0,(anonymous_4)
FNDA:0,(anonymous_5)
FNDA:0,(anonymous_6)
DA:14,0
DA:17,0
DA:18,0
DA:26,0
DA:27,0
DA:28,0
DA:29,0
DA:31,0
DA:35,0
DA:78,0
DA:79,0
DA:82,0
DA:83,0
DA:86,0
DA:90,0
DA:95,0
DA:96,0
DA:97,0
DA:102,0
DA:106,0
DA:107,0
DA:112,0
DA:115,0
DA:122,0
DA:123,0
DA:124,0
DA:127,0
DA:128,0
DA:132,0
DA:134,0
DA:136,0
DA:140,0
DA:141,0
DA:142,0
DA:143,0
DA:145,0
DA:147,0
DA:148,0
DA:149,0
DA:151,0
DA:152,0
DA:153,0
DA:155,0
DA:156,0
DA:158,0
DA:159,0
DA:162,0
DA:163,0
DA:164,0
DA:165,0
DA:166,0
DA:167,0
DA:171,0
DA:172,0
DA:173,0
DA:174,0
DA:179,0
DA:183,0
DA:186,0
DA:191,0
DA:192,0
DA:193,0
DA:196,0
DA:197,0
DA:200,0
DA:204,0
DA:205,0
DA:206,0
DA:207,0
DA:208,0
DA:211,0
LF:71
LH:0
BRDA:28,0,0,0
BRDA:28,1,0,0
BRDA:28,1,1,0
BRDA:28,1,2,0
BRDA:79,2,0,0
BRDA:79,3,0,0
BRDA:95,4,0,0
BRDA:102,5,0,0
BRDA:102,5,1,0
BRDA:107,6,0,0
BRDA:107,6,1,0
BRDA:130,7,0,0
BRDA:130,7,1,0
BRDA:131,8,0,0
BRDA:131,8,1,0
BRDA:132,9,0,0
BRDA:132,9,1,0
BRDA:134,10,0,0
BRDA:134,11,0,0
BRDA:134,11,1,0
BRDA:136,12,0,0
BRDA:136,12,1,0
BRDA:142,13,0,0
BRDA:142,13,1,0
BRDA:148,14,0,0
BRDA:152,15,0,0
BRDA:152,15,1,0
BRDA:156,16,0,0
BRDA:158,17,0,0
BRDA:158,17,1,0
BRDA:162,18,0,0
BRDA:162,18,1,0
BRDA:163,19,0,0
BRDA:163,19,1,0
BRDA:166,20,0,0
BRDA:173,21,0,0
BRDA:193,22,0,0
BRDA:193,22,1,0
BRDA:196,23,0,0
BRDA:196,24,0,0
BRDA:196,24,1,0
BRDA:205,25,0,0
BRDA:206,26,0,0
BRDA:206,26,1,0
BRDA:207,27,0,0
BRDA:207,28,0,0
BRDA:207,28,1,0
BRF:47
BRH:0
end_of_record
TN:
SF:src/agents/skill-tool.ts
FN:23,buildSkillCatalog
FN:26,(anonymous_2)
FN:35,createSkillTools
FN:38,(anonymous_4)
FN:39,(anonymous_5)
FN:51,(anonymous_6)
FNF:6
FNH:0
FNDA:0,buildSkillCatalog
FNDA:0,(anonymous_2)
FNDA:0,createSkillTools
FNDA:0,(anonymous_4)
FNDA:0,(anonymous_5)
FNDA:0,(anonymous_6)
DA:14,0
DA:15,0
DA:17,0
DA:23,0
DA:24,0
DA:25,0
DA:26,0
DA:28,0
DA:35,0
DA:36,0
DA:38,0
DA:39,0
DA:41,0
DA:45,0
DA:52,0
DA:53,0
DA:54,0
DA:55,0
DA:57,0
DA:58,0
DA:62,0
LF:21
LH:0
BRDA:24,0,0,0
BRDA:36,1,0,0
BRDA:53,2,0,0
BRF:3
BRH:0
end_of_record
TN:
SF:src/agents/tool-loader.ts
FN:84,buildZodSchema
FN:106,interpolate
FN:107,(anonymous_12)
FN:113,executeHttpHandler
FN:151,executeScriptHandler
FN:170,(anonymous_15)
FN:175,(anonymous_16)
FN:203,createToolFromConfig
FN:217,(anonymous_18)
FN:245,loadAgentTools
FN:302,loadAgentToolConfigs
FNF:11
FNH:0
FNDA:0,buildZodSchema
FNDA:0,interpolate
FNDA:0,(anonymous_12)
FNDA:0,executeHttpHandler
FNDA:0,executeScriptHandler
FNDA:0,(anonymous_15)
FNDA:0,(anonymous_16)
FNDA:0,createToolFromConfig
FNDA:0,(anonymous_18)
FNDA:0,loadAgentTools
FNDA:0,loadAgentToolConfigs
DA:15,0
DA:16,0
DA:17,0
DA:18,0
DA:19,0
DA:20,0
DA:84,0
DA:85,0
DA:86,0
DA:88,0
DA:90,0
DA:91,0
DA:93,0
DA:94,0
DA:96,0
DA:98,0
DA:100,0
DA:106,0
DA:107,0
DA:113,0
DA:117,0
DA:118,0
DA:119,0
DA:121,0
DA:122,0
DA:123,0
DA:127,0
DA:129,0
DA:130,0
DA:131,0
DA:132,0
DA:136,0
DA:137,0
DA:139,0
DA:140,0
DA:143,0
DA:151,0
DA:156,0
DA:157,0
DA:158,0
DA:161,0
DA:167,0
DA:168,0
DA:170,0
DA:171,0
DA:176,0
DA:177,0
DA:180,0
DA:181,0
DA:184,0
DA:185,0
DA:189,0
DA:190,0
DA:191,0
DA:203,0
DA:209,0
DA:210,0
DA:211,0
DA:213,0
DA:218,0
DA:219,0
DA:220,0
DA:222,0
DA:223,0
DA:225,0
DA:227,0
DA:228,0
DA:245,0
DA:249,0
DA:250,0
DA:251,0
DA:253,0
DA:254,0
DA:258,0
DA:259,0
DA:261,0
DA:262,0
DA:265,0
DA:266,0
DA:268,0
DA:269,0
DA:270,0
DA:271,0
DA:273,0
DA:274,0
DA:275,0
DA:279,0
DA:280,0
DA:281,0
DA:284,0
DA:286,0
DA:287,0
DA:289,0
DA:290,0
DA:292,0
DA:296,0
DA:302,0
DA:303,0
LF:98
LH:0
BRDA:88,0,0,0
BRDA:88,0,1,0
BRDA:88,0,2,0
BRDA:98,1,0,0
BRDA:98,1,1,0
BRDA:107,2,0,0
BRDA:107,2,1,0
BRDA:118,3,0,0
BRDA:118,3,1,0
BRDA:121,4,0,0
BRDA:129,5,0,0
BRDA:129,6,0,0
BRDA:129,6,1,0
BRDA:131,7,0,0
BRDA:139,8,0,0
BRDA:157,9,0,0
BRDA:163,10,0,0
BRDA:163,10,1,0
BRDA:164,11,0,0
BRDA:164,11,1,0
BRDA:167,12,0,0
BRDA:167,12,1,0
BRDA:168,13,0,0
BRDA:168,13,1,0
BRDA:176,14,0,0
BRDA:177,15,0,0
BRDA:177,15,1,0
BRDA:179,16,0,0
BRDA:179,16,1,0
BRDA:184,17,0,0
BRDA:184,17,1,0
BRDA:189,18,0,0
BRDA:206,19,0,0
BRDA:207,20,0,0
BRDA:209,21,0,0
BRDA:209,21,1,0
BRDA:211,22,0,0
BRDA:211,22,1,0
BRDA:219,23,0,0
BRDA:222,24,0,0
BRDA:228,25,0,0
BRDA:228,25,1,0
BRDA:253,26,0,0
BRDA:266,27,0,0
BRDA:273,28,0,0
BRDA:273,29,0,0
BRDA:273,29,1,0
BRDA:273,29,2,0
BRDA:279,30,0,0
BRF:49
BRH:0
end_of_record
TN:
SF:src/agents/proxy-agent/index.ts
FN:35,getProxyAgentDir
FN:42,loadProxySkills
FN:44,(anonymous_12)
FN:49,getProxySkills
FN:57,classifyIntent
FN:73,(anonymous_15)
FN:78,(anonymous_16)
FN:82,(anonymous_17)
FN:114,(anonymous_18)
FN:115,(anonymous_19)
FN:128,(anonymous_20)
FN:129,(anonymous_21)
FN:129,(anonymous_22)
FN:131,(anonymous_23)
FN:161,registerAgent
FN:166,getRegisteredAgents
FN:171,clearRegistry
FN:175,invokeDomainAgent
FN:187,directAnswer
FN:234,runProxyAgentWorkflow
FN:238,(anonymous_30)
FN:261,(anonymous_31)
FN:281,(anonymous_32)
FN:313,(anonymous_33)
FN:341,(anonymous_34)
FN:345,(anonymous_35)
FN:400,aggregateOutputs
FN:410,(anonymous_37)
FN:417,(anonymous_38)
FNF:29
FNH:0
FNDA:0,getProxyAgentDir
FNDA:0,loadProxySkills
FNDA:0,(anonymous_12)
FNDA:0,getProxySkills
FNDA:0,classifyIntent
FNDA:0,(anonymous_15)
FNDA:0,(anonymous_16)
FNDA:0,(anonymous_17)
FNDA:0,(anonymous_18)
FNDA:0,(anonymous_19)
FNDA:0,(anonymous_20)
FNDA:0,(anonymous_21)
FNDA:0,(anonymous_22)
FNDA:0,(anonymous_23)
FNDA:0,registerAgent
FNDA:0,getRegisteredAgents
FNDA:0,clearRegistry
FNDA:0,invokeDomainAgent
FNDA:0,directAnswer
FNDA:0,runProxyAgentWorkflow
FNDA:0,(anonymous_30)
FNDA:0,(anonymous_31)
FNDA:0,(anonymous_32)
FNDA:0,(anonymous_33)
FNDA:0,(anonymous_34)
FNDA:0,(anonymous_35)
FNDA:0,aggregateOutputs
FNDA:0,(anonymous_37)
FNDA:0,(anonymous_38)
DA:8,0
DA:9,0
DA:10,0
DA:11,0
DA:23,0
DA:24,0
DA:25,0
DA:26,0
DA:27,0
DA:28,0
DA:35,0
DA:36,0
DA:39,0
DA:42,0
DA:43,0
DA:44,0
DA:45,0
DA:49,0
DA:50,0
DA:58,0
DA:60,0
DA:61,0
DA:62,0
DA:65,0
DA:68,0
DA:71,0
DA:72,0
DA:76,0
DA:79,0
DA:81,0
DA:82,0
DA:84,0
DA:88,0
DA:92,0
DA:93,0
DA:94,0
DA:95,0
DA:96,0
DA:98,0
DA:99,0
DA:100,0
DA:106,0
DA:108,0
DA:109,0
DA:110,0
DA:111,0
DA:114,0
DA:115,0
DA:117,0
DA:118,0
DA:126,0
DA:127,0
DA:128,0
DA:129,0
DA:131,0
DA:132,0
DA:135,0
DA:144,0
DA:150,0
DA:158,0
DA:161,0
DA:162,0
DA:166,0
DA:167,0
DA:171,0
DA:172,0
DA:176,0
DA:177,0
DA:178,0
DA:180,0
DA:188,0
DA:191,0
DA:210,0
DA:211,0
DA:212,0
DA:213,0
DA:215,0
DA:234,0
DA:235,0
DA:238,0
DA:239,0
DA:240,0
DA:244,0
DA:245,0
DA:246,0
DA:251,0
DA:252,0
DA:253,0
DA:254,0
DA:257,0
DA:259,0
DA:261,0
DA:262,0
DA:263,0
DA:266,0
DA:275,0
DA:276,0
DA:277,0
DA:281,0
DA:282,0
DA:284,0
DA:285,0
DA:290,0
DA:291,0
DA:294,0
DA:304,0
DA:306,0
DA:307,0
DA:308,0
DA:309,0
DA:310,0
DA:313,0
DA:314,0
DA:315,0
DA:318,0
DA:328,0
DA:329,0
DA:330,0
DA:333,0
DA:335,0
DA:336,0
DA:337,0
DA:338,0
DA:340,0
DA:342,0
DA:343,0
DA:345,0
DA:346,0
DA:349,0
DA:358,0
DA:361,0
DA:362,0
DA:363,0
DA:364,0
DA:365,0
DA:366,0
DA:367,0
DA:369,0
DA:370,0
DA:374,0
DA:381,0
DA:382,0
DA:384,0
DA:385,0
DA:386,0
DA:389,0
DA:405,0
DA:406,0
DA:410,0
DA:411,0
DA:412,0
DA:416,0
DA:418,0
DA:419,0
DA:420,0
DA:425,0
DA:427,0
DA:428,0
DA:429,0
DA:432,0
DA:434,0
DA:435,0
DA:436,0
DA:437,0
DA:438,0
DA:443,0
DA:444,0
DA:447,0
DA:449,0
DA:457,0
DA:461,0
LF:171
LH:0
BRDA:60,0,0,0
BRDA:71,1,0,0
BRDA:71,1,1,0
BRDA:81,2,0,0
BRDA:81,3,0,0
BRDA:81,3,1,0
BRDA:93,4,0,0
BRDA:93,4,1,0
BRDA:94,5,0,0
BRDA:94,5,1,0
BRDA:99,6,0,0
BRDA:99,6,1,0
BRDA:106,7,0,0
BRDA:106,7,1,0
BRDA:109,8,0,0
BRDA:111,9,0,0
BRDA:111,9,1,0
BRDA:117,10,0,0
BRDA:117,11,0,0
BRDA:117,11,1,0
BRDA:126,12,0,0
BRDA:126,13,0,0
BRDA:126,13,1,0
BRDA:129,14,0,0
BRDA:129,14,1,0
BRDA:132,15,0,0
BRDA:136,16,0,0
BRDA:136,16,1,0
BRDA:139,17,0,0
BRDA:139,17,1,0
BRDA:140,18,0,0
BRDA:140,18,1,0
BRDA:145,19,0,0
BRDA:145,19,1,0
BRDA:146,20,0,0
BRDA:146,20,1,0
BRDA:177,21,0,0
BRDA:211,22,0,0
BRDA:211,22,1,0
BRDA:212,23,0,0
BRDA:212,23,1,0
BRDA:213,24,0,0
BRDA:213,24,1,0
BRDA:239,25,0,0
BRDA:244,26,0,0
BRDA:257,27,0,0
BRDA:263,28,0,0
BRDA:263,28,1,0
BRDA:271,29,0,0
BRDA:271,29,1,0
BRDA:281,30,0,0
BRDA:281,30,1,0
BRDA:294,31,0,0
BRDA:294,31,1,0
BRDA:304,32,0,0
BRDA:304,32,1,0
BRDA:308,33,0,0
BRDA:308,33,1,0
BRDA:315,34,0,0
BRDA:315,34,1,0
BRDA:323,35,0,0
BRDA:323,35,1,0
BRDA:337,36,0,0
BRDA:337,36,1,0
BRDA:343,37,0,0
BRDA:343,37,1,0
BRDA:346,38,0,0
BRDA:346,38,1,0
BRDA:354,39,0,0
BRDA:354,39,1,0
BRDA:364,40,0,0
BRDA:364,40,1,0
BRDA:365,41,0,0
BRDA:365,41,1,0
BRDA:372,42,0,0
BRDA:372,42,1,0
BRDA:381,43,0,0
BRDA:385,44,0,0
BRDA:405,45,0,0
BRDA:405,46,0,0
BRDA:405,46,1,0
BRDA:411,47,0,0
BRDA:419,48,0,0
BRDA:419,48,1,0
BRDA:427,49,0,0
BRDA:435,50,0,0
BRDA:435,50,1,0
BRDA:436,51,0,0
BRDA:436,51,1,0
BRDA:447,52,0,0
BRDA:447,52,1,0
BRDA:458,53,0,0
BRDA:458,53,1,0
BRDA:459,54,0,0
BRDA:459,54,1,0
BRF:95
BRH:0
end_of_record
TN:
SF:src/agents/proxy-agent/prompts/classify.prompt.ts
FNF:0
FNH:0
DA:5,0
DA:44,0
DA:50,0
DA:59,0
LF:4
LH:0
BRF:0
BRH:0
end_of_record
TN:
SF:src/config/agents.config.ts
FNF:0
FNH:0
DA:11,1
LF:1
LH:1
BRF:0
BRH:0
end_of_record
TN:
SF:src/config/index.ts
FN:19,(anonymous_1)
FN:21,(anonymous_2)
FNF:2
FNH:1
FNDA:5,(anonymous_1)
FNDA:0,(anonymous_2)
DA:1,5
DA:2,5
DA:4,5
DA:6,5
DA:19,5
DA:21,0
LF:6
LH:5
BRDA:7,0,0,5
BRDA:7,0,1,5
BRDA:8,1,0,5
BRDA:8,1,1,0
BRDA:9,2,0,5
BRDA:9,2,1,5
BRDA:10,3,0,5
BRDA:10,3,1,5
BRDA:17,4,0,5
BRDA:17,4,1,5
BRDA:21,5,0,0
BRDA:21,5,1,0
BRF:12
BRH:9
end_of_record
TN:
SF:src/controllers/agent.controller.ts
FN:29,invoke
FN:44,(anonymous_11)
FN:66,(anonymous_12)
FN:114,listAgents
FN:120,(anonymous_14)
FN:125,(anonymous_15)
FN:130,(anonymous_16)
FN:130,(anonymous_17)
FN:160,(anonymous_18)
FN:181,refreshAgents
FN:189,(anonymous_20)
FN:194,(anonymous_21)
FN:208,updateAgentConfig
FN:215,(anonymous_23)
FN:228,(anonymous_24)
FN:256,(anonymous_25)
FN:288,createAgentConfig
FN:298,(anonymous_27)
FN:302,(anonymous_28)
FN:335,deleteAgentConfig
FN:342,(anonymous_30)
FN:351,(anonymous_31)
FN:385,ingest
FN:396,(anonymous_33)
FN:400,(anonymous_34)
FN:437,resolveAgentDir
FN:442,(anonymous_36)
FN:451,paramStr
FN:459,serializeSkillMd
FN:485,locateSkillPath
FN:501,listSkills
FN:518,createSkill
FN:561,(anonymous_42)
FN:574,updateSkill
FN:603,(anonymous_44)
FN:620,(anonymous_45)
FN:633,deleteSkill
FN:689,isValidCategory
FN:699,uploadSkillZip
FN:715,(anonymous_49)
FN:775,(anonymous_50)
FN:788,uploadSkillFile
FN:836,(anonymous_52)
FN:848,deleteSkillFile
FN:882,(anonymous_54)
FN:894,downloadSkillFile
FN:938,listTools
FN:955,createTool
FN:1013,updateTool
FN:1060,deleteTool
FN:1114,uploadToolScript
FN:1198,listGlobalTools
FN:1212,createGlobalTool
FN:1267,updateGlobalTool
FN:1310,deleteGlobalTool
FN:1357,uploadGlobalToolScript
FN:1433,listMcpServers
FN:1447,getMcpServerTools
FN:1451,(anonymous_68)
FN:1475,createMcpServer
FN:1537,updateMcpServer
FN:1585,deleteMcpServer
FN:1614,installMcpPackage
FN:1615,(anonymous_73)
FN:1651,(anonymous_74)
FN:1655,(anonymous_75)
FN:1659,(anonymous_76)
FN:1716,(anonymous_77)
FN:1734,listInstalledMcpPackages
FN:1770,probeMcpPackageTools
FN:1805,(anonymous_80)
FN:1844,testMcpServer
FN:1879,(anonymous_82)
FNF:73
FNH:0
FNDA:0,invoke
FNDA:0,(anonymous_11)
FNDA:0,(anonymous_12)
FNDA:0,listAgents
FNDA:0,(anonymous_14)
FNDA:0,(anonymous_15)
FNDA:0,(anonymous_16)
FNDA:0,(anonymous_17)
FNDA:0,(anonymous_18)
FNDA:0,refreshAgents
FNDA:0,(anonymous_20)
FNDA:0,(anonymous_21)
FNDA:0,updateAgentConfig
FNDA:0,(anonymous_23)
FNDA:0,(anonymous_24)
FNDA:0,(anonymous_25)
FNDA:0,createAgentConfig
FNDA:0,(anonymous_27)
FNDA:0,(anonymous_28)
FNDA:0,deleteAgentConfig
FNDA:0,(anonymous_30)
FNDA:0,(anonymous_31)
FNDA:0,ingest
FNDA:0,(anonymous_33)
FNDA:0,(anonymous_34)
FNDA:0,resolveAgentDir
FNDA:0,(anonymous_36)
FNDA:0,paramStr
FNDA:0,serializeSkillMd
FNDA:0,locateSkillPath
FNDA:0,listSkills
FNDA:0,createSkill
FNDA:0,(anonymous_42)
FNDA:0,updateSkill
FNDA:0,(anonymous_44)
FNDA:0,(anonymous_45)
FNDA:0,deleteSkill
FNDA:0,isValidCategory
FNDA:0,uploadSkillZip
FNDA:0,(anonymous_49)
FNDA:0,(anonymous_50)
FNDA:0,uploadSkillFile
FNDA:0,(anonymous_52)
FNDA:0,deleteSkillFile
FNDA:0,(anonymous_54)
FNDA:0,downloadSkillFile
FNDA:0,listTools
FNDA:0,createTool
FNDA:0,updateTool
FNDA:0,deleteTool
FNDA:0,uploadToolScript
FNDA:0,listGlobalTools
FNDA:0,createGlobalTool
FNDA:0,updateGlobalTool
FNDA:0,deleteGlobalTool
FNDA:0,uploadGlobalToolScript
FNDA:0,listMcpServers
FNDA:0,getMcpServerTools
FNDA:0,(anonymous_68)
FNDA:0,createMcpServer
FNDA:0,updateMcpServer
FNDA:0,deleteMcpServer
FNDA:0,installMcpPackage
FNDA:0,(anonymous_73)
FNDA:0,(anonymous_74)
FNDA:0,(anonymous_75)
FNDA:0,(anonymous_76)
FNDA:0,(anonymous_77)
FNDA:0,listInstalledMcpPackages
FNDA:0,probeMcpPackageTools
FNDA:0,(anonymous_80)
FNDA:0,testMcpServer
FNDA:0,(anonymous_82)
DA:6,0
DA:7,0
DA:8,0
DA:9,0
DA:10,0
DA:11,0
DA:12,0
DA:13,0
DA:14,0
DA:15,0
DA:16,0
DA:17,0
DA:18,0
DA:20,0
DA:21,0
DA:29,0
DA:30,0
DA:31,0
DA:32,0
DA:33,0
DA:34,0
DA:38,0
DA:41,0
DA:44,0
DA:45,0
DA:46,0
DA:47,0
DA:50,0
DA:53,0
DA:67,0
DA:71,0
DA:72,0
DA:75,0
DA:78,0
DA:81,0
DA:84,0
DA:85,0
DA:87,0
DA:88,0
DA:89,0
DA:90,0
DA:91,0
DA:92,0
DA:97,0
DA:102,0
DA:104,0
DA:114,0
DA:115,0
DA:116,0
DA:117,0
DA:118,0
DA:119,0
DA:120,0
DA:123,0
DA:125,0
DA:126,0
DA:127,0
DA:128,0
DA:129,0
DA:130,0
DA:134,0
DA:135,0
DA:136,0
DA:137,0
DA:139,0
DA:140,0
DA:141,0
DA:142,0
DA:143,0
DA:144,0
DA:147,0
DA:148,0
DA:149,0
DA:150,0
DA:155,0
DA:160,0
DA:170,0
DA:172,0
DA:181,0
DA:182,0
DA:183,0
DA:185,0
DA:186,0
DA:187,0
DA:189,0
DA:194,0
DA:198,0
DA:208,0
DA:209,0
DA:210,0
DA:211,0
DA:214,0
DA:215,0
DA:217,0
DA:219,0
DA:220,0
DA:221,0
DA:222,0
DA:223,0
DA:224,0
DA:225,0
DA:228,0
DA:229,0
DA:230,0
DA:231,0
DA:234,0
DA:235,0
DA:237,0
DA:238,0
DA:239,0
DA:242,0
DA:243,0
DA:244,0
DA:245,0
DA:246,0
DA:248,0
DA:250,0
DA:251,0
DA:255,0
DA:256,0
DA:257,0
DA:258,0
DA:259,0
DA:261,0
DA:268,0
DA:273,0
DA:274,0
DA:276,0
DA:277,0
DA:279,0
DA:288,0
DA:289,0
DA:290,0
DA:291,0
DA:292,0
DA:293,0
DA:297,0
DA:298,0
DA:299,0
DA:300,0
DA:302,0
DA:303,0
DA:304,0
DA:307,0
DA:316,0
DA:317,0
DA:320,0
DA:321,0
DA:323,0
DA:324,0
DA:326,0
DA:335,0
DA:336,0
DA:337,0
DA:338,0
DA:341,0
DA:342,0
DA:343,0
DA:344,0
DA:345,0
DA:346,0
DA:350,0
DA:351,0
DA:352,0
DA:353,0
DA:354,0
DA:356,0
DA:357,0
DA:358,0
DA:363,0
DA:364,0
DA:365,0
DA:366,0
DA:370,0
DA:371,0
DA:373,0
DA:374,0
DA:376,0
DA:385,0
DA:386,0
DA:387,0
DA:388,0
DA:389,0
DA:390,0
DA:393,0
DA:396,0
DA:397,0
DA:400,0
DA:401,0
DA:402,0
DA:407,0
DA:409,0
DA:413,0
DA:414,0
DA:416,0
DA:417,0
DA:418,0
DA:419,0
DA:423,0
DA:424,0
DA:426,0
DA:439,0
DA:440,0
DA:442,0
DA:443,0
DA:444,0
DA:445,0
DA:447,0
DA:452,0
DA:463,0
DA:469,0
DA:470,0
DA:471,0
DA:472,0
DA:475,0
DA:476,0
DA:477,0
DA:486,0
DA:487,0
DA:488,0
DA:490,0
DA:491,0
DA:493,0
DA:501,0
DA:502,0
DA:503,0
DA:504,0
DA:506,0
DA:507,0
DA:509,0
DA:518,0
DA:519,0
DA:520,0
DA:521,0
DA:522,0
DA:524,0
DA:525,0
DA:526,0
DA:527,0
DA:531,0
DA:532,0
DA:533,0
DA:536,0
DA:537,0
DA:538,0
DA:542,0
DA:543,0
DA:544,0
DA:545,0
DA:546,0
DA:550,0
DA:551,0
DA:552,0
DA:558,0
DA:559,0
DA:561,0
DA:562,0
DA:563,0
DA:565,0
DA:574,0
DA:575,0
DA:576,0
DA:577,0
DA:578,0
DA:580,0
DA:581,0
DA:583,0
DA:584,0
DA:585,0
DA:586,0
DA:587,0
DA:591,0
DA:592,0
DA:593,0
DA:595,0
DA:596,0
DA:597,0
DA:598,0
DA:599,0
DA:603,0
DA:604,0
DA:614,0
DA:617,0
DA:618,0
DA:620,0
DA:621,0
DA:622,0
DA:624,0
DA:633,0
DA:634,0
DA:635,0
DA:636,0
DA:637,0
DA:639,0
DA:640,0
DA:641,0
DA:643,0
DA:644,0
DA:645,0
DA:648,0
DA:649,0
DA:651,0
DA:655,0
DA:656,0
DA:658,0
DA:659,0
DA:661,0
DA:669,0
DA:672,0
DA:676,0
DA:679,0
DA:683,0
DA:686,0
DA:690,0
DA:699,0
DA:700,0
DA:701,0
DA:702,0
DA:703,0
DA:705,0
DA:706,0
DA:707,0
DA:710,0
DA:711,0
DA:714,0
DA:715,0
DA:716,0
DA:717,0
DA:718,0
DA:722,0
DA:723,0
DA:724,0
DA:728,0
DA:729,0
DA:730,0
DA:732,0
DA:733,0
DA:734,0
DA:737,0
DA:738,0
DA:740,0
DA:743,0
DA:744,0
DA:747,0
DA:748,0
DA:751,0
DA:752,0
DA:754,0
DA:755,0
DA:756,0
DA:757,0
DA:758,0
DA:762,0
DA:763,0
DA:765,0
DA:766,0
DA:767,0
DA:768,0
DA:772,0
DA:773,0
DA:775,0
DA:776,0
DA:777,0
DA:779,0
DA:788,0
DA:789,0
DA:790,0
DA:791,0
DA:792,0
DA:794,0
DA:795,0
DA:797,0
DA:798,0
DA:799,0
DA:802,0
DA:803,0
DA:804,0
DA:805,0
DA:806,0
DA:811,0
DA:812,0
DA:813,0
DA:814,0
DA:815,0
DA:816,0
DA:818,0
DA:821,0
DA:822,0
DA:823,0
DA:827,0
DA:828,0
DA:829,0
DA:831,0
DA:833,0
DA:836,0
DA:837,0
DA:839,0
DA:848,0
DA:849,0
DA:850,0
DA:851,0
DA:852,0
DA:854,0
DA:855,0
DA:856,0
DA:858,0
DA:859,0
DA:860,0
DA:863,0
DA:864,0
DA:865,0
DA:866,0
DA:867,0
DA:871,0
DA:872,0
DA:874,0
DA:875,0
DA:876,0
DA:879,0
DA:881,0
DA:882,0
DA:883,0
DA:885,0
DA:894,0
DA:895,0
DA:896,0
DA:897,0
DA:899,0
DA:900,0
DA:901,0
DA:903,0
DA:904,0
DA:905,0
DA:908,0
DA:909,0
DA:910,0
DA:911,0
DA:912,0
DA:915,0
DA:916,0
DA:918,0
DA:919,0
DA:920,0
DA:923,0
DA:925,0
DA:938,0
DA:939,0
DA:940,0
DA:941,0
DA:943,0
DA:944,0
DA:946,0
DA:955,0
DA:956,0
DA:957,0
DA:958,0
DA:959,0
DA:961,0
DA:962,0
DA:963,0
DA:964,0
DA:966,0
DA:967,0
DA:968,0
DA:970,0
DA:971,0
DA:972,0
DA:974,0
DA:975,0
DA:976,0
DA:979,0
DA:980,0
DA:981,0
DA:984,0
DA:985,0
DA:986,0
DA:987,0
DA:990,0
DA:999,0
DA:1001,0
DA:1002,0
DA:1004,0
DA:1013,0
DA:1014,0
DA:1015,0
DA:1016,0
DA:1017,0
DA:1019,0
DA:1020,0
DA:1021,0
DA:1023,0
DA:1024,0
DA:1025,0
DA:1030,0
DA:1031,0
DA:1033,0
DA:1036,0
DA:1037,0
DA:1046,0
DA:1048,0
DA:1049,0
DA:1051,0
DA:1060,0
DA:1061,0
DA:1062,0
DA:1063,0
DA:1064,0
DA:1066,0
DA:1067,0
DA:1068,0
DA:1070,0
DA:1071,0
DA:1072,0
DA:1076,0
DA:1077,0
DA:1078,0
DA:1079,0
DA:1080,0
DA:1081,0
DA:1082,0
DA:1087,0
DA:1089,0
DA:1090,0
DA:1092,0
DA:1101,0
DA:1107,0
DA:1114,0
DA:1115,0
DA:1116,0
DA:1117,0
DA:1118,0
DA:1120,0
DA:1121,0
DA:1122,0
DA:1124,0
DA:1125,0
DA:1126,0
DA:1129,0
DA:1130,0
DA:1131,0
DA:1135,0
DA:1136,0
DA:1137,0
DA:1141,0
DA:1142,0
DA:1146,0
DA:1147,0
DA:1149,0
DA:1153,0
DA:1154,0
DA:1155,0
DA:1156,0
DA:1160,0
DA:1166,0
DA:1168,0
DA:1175,0
DA:1182,0
DA:1190,0
DA:1191,0
DA:1198,0
DA:1199,0
DA:1200,0
DA:1201,0
DA:1203,0
DA:1212,0
DA:1213,0
DA:1214,0
DA:1216,0
DA:1217,0
DA:1218,0
DA:1219,0
DA:1221,0
DA:1222,0
DA:1223,0
DA:1225,0
DA:1226,0
DA:1227,0
DA:1229,0
DA:1230,0
DA:1231,0
DA:1234,0
DA:1235,0
DA:1238,0
DA:1239,0
DA:1240,0
DA:1241,0
DA:1244,0
DA:1253,0
DA:1255,0
DA:1256,0
DA:1258,0
DA:1267,0
DA:1268,0
DA:1269,0
DA:1270,0
DA:1271,0
DA:1273,0
DA:1274,0
DA:1275,0
DA:1280,0
DA:1281,0
DA:1283,0
DA:1286,0
DA:1287,0
DA:1296,0
DA:1298,0
DA:1299,0
DA:1301,0
DA:1310,0
DA:1311,0
DA:1312,0
DA:1313,0
DA:1314,0
DA:1316,0
DA:1317,0
DA:1318,0
DA:1322,0
DA:1323,0
DA:1324,0
DA:1325,0
DA:1326,0
DA:1327,0
DA:1328,0
DA:1333,0
DA:1335,0
DA:1336,0
DA:1338,0
DA:1347,0
DA:1357,0
DA:1358,0
DA:1359,0
DA:1360,0
DA:1361,0
DA:1363,0
DA:1364,0
DA:1365,0
DA:1368,0
DA:1369,0
DA:1370,0
DA:1374,0
DA:1375,0
DA:1376,0
DA:1380,0
DA:1381,0
DA:1385,0
DA:1386,0
DA:1388,0
DA:1392,0
DA:1393,0
DA:1394,0
DA:1395,0
DA:1399,0
DA:1405,0
DA:1407,0
DA:1413,0
DA:1420,0
DA:1433,0
DA:1434,0
DA:1435,0
DA:1436,0
DA:1438,0
DA:1447,0
DA:1448,0
DA:1449,0
DA:1450,0
DA:1451,0
DA:1453,0
DA:1454,0
DA:1455,0
DA:1458,0
DA:1459,0
DA:1460,0
DA:1463,0
DA:1464,0
DA:1466,0
DA:1475,0
DA:1476,0
DA:1477,0
DA:1479,0
DA:1480,0
DA:1483,0
DA:1484,0
DA:1485,0
DA:1487,0
DA:1488,0
DA:1489,0
DA:1491,0
DA:1492,0
DA:1493,0
DA:1496,0
DA:1497,0
DA:1500,0
DA:1501,0
DA:1502,0
DA:1503,0
DA:1506,0
DA:1523,0
DA:1525,0
DA:1526,0
DA:1528,0
DA:1537,0
DA:1538,0
DA:1539,0
DA:1540,0
DA:1541,0
DA:1543,0
DA:1544,0
DA:1545,0
DA:1550,0
DA:1551,0
DA:1553,0
DA:1556,0
DA:1557,0
DA:1568,0
DA:1571,0
DA:1573,0
DA:1574,0
DA:1576,0
DA:1585,0
DA:1586,0
DA:1587,0
DA:1588,0
DA:1589,0
DA:1591,0
DA:1592,0
DA:1593,0
DA:1597,0
DA:1599,0
DA:1601,0
DA:1602,0
DA:1604,0
DA:1614,0
DA:1615,0
DA:1617,0
DA:1618,0
DA:1620,0
DA:1621,0
DA:1622,0
DA:1626,0
DA:1627,0
DA:1628,0
DA:1629,0
DA:1632,0
DA:1635,0
DA:1636,0
DA:1637,0
DA:1641,0
DA:1642,0
DA:1648,0
DA:1649,0
DA:1651,0
DA:1652,0
DA:1655,0
DA:1656,0
DA:1659,0
DA:1660,0
DA:1661,0
DA:1662,0
DA:1669,0
DA:1675,0
DA:1677,0
DA:1679,0
DA:1684,0
DA:1685,0
DA:1686,0
DA:1687,0
DA:1688,0
DA:1689,0
DA:1690,0
DA:1692,0
DA:1693,0
DA:1694,0
DA:1697,0
DA:1700,0
DA:1705,0
DA:1716,0
DA:1717,0
DA:1718,0
DA:1725,0
DA:1734,0
DA:1735,0
DA:1736,0
DA:1737,0
DA:1739,0
DA:1740,0
DA:1741,0
DA:1744,0
DA:1745,0
DA:1748,0
DA:1749,0
DA:1750,0
DA:1755,0
DA:1759,0
DA:1761,0
DA:1770,0
DA:1771,0
DA:1772,0
DA:1774,0
DA:1775,0
DA:1776,0
DA:1779,0
DA:1784,0
DA:1789,0
DA:1790,0
DA:1797,0
DA:1798,0
DA:1800,0
DA:1802,0
DA:1805,0
DA:1809,0
DA:1823,0
DA:1825,0
DA:1826,0
DA:1834,0
DA:1844,0
DA:1845,0
DA:1846,0
DA:1848,0
DA:1849,0
DA:1850,0
DA:1853,0
DA:1854,0
DA:1855,0
DA:1856,0
DA:1858,0
DA:1859,0
DA:1860,0
DA:1863,0
DA:1866,0
DA:1871,0
DA:1872,0
DA:1874,0
DA:1876,0
DA:1877,0
DA:1878,0
DA:1879,0
DA:1881,0
DA:1886,0
DA:1887,0
DA:1889,0
DA:1895,0
DA:1898,0
DA:1906,0
LF:843
LH:0
BRDA:32,0,0,0
BRDA:32,1,0,0
BRDA:32,1,1,0
BRDA:56,2,0,0
BRDA:56,2,1,0
BRDA:71,3,0,0
BRDA:71,3,1,0
BRDA:78,4,0,0
BRDA:78,4,1,0
BRDA:88,5,0,0
BRDA:88,5,1,0
BRDA:89,6,0,0
BRDA:89,6,1,0
BRDA:116,7,0,0
BRDA:116,7,1,0
BRDA:117,8,0,0
BRDA:117,8,1,0
BRDA:118,9,0,0
BRDA:118,9,1,0
BRDA:119,10,0,0
BRDA:119,10,1,0
BRDA:126,11,0,0
BRDA:126,11,1,0
BRDA:127,12,0,0
BRDA:127,12,1,0
BRDA:127,12,2,0
BRDA:128,13,0,0
BRDA:128,13,1,0
BRDA:128,14,0,0
BRDA:128,14,1,0
BRDA:128,15,0,0
BRDA:128,15,1,0
BRDA:128,15,2,0
BRDA:129,16,0,0
BRDA:129,16,1,0
BRDA:130,17,0,0
BRDA:130,17,1,0
BRDA:136,18,0,0
BRDA:136,18,1,0
BRDA:137,19,0,0
BRDA:137,19,1,0
BRDA:139,20,0,0
BRDA:139,21,0,0
BRDA:139,21,1,0
BRDA:142,22,0,0
BRDA:149,23,0,0
BRDA:159,24,0,0
BRDA:159,24,1,0
BRDA:160,25,0,0
BRDA:160,25,1,0
BRDA:161,26,0,0
BRDA:161,26,1,0
BRDA:162,27,0,0
BRDA:162,27,1,0
BRDA:162,28,0,0
BRDA:162,28,1,0
BRDA:166,29,0,0
BRDA:166,29,1,0
BRDA:193,30,0,0
BRDA:193,30,1,0
BRDA:194,31,0,0
BRDA:194,31,1,0
BRDA:214,32,0,0
BRDA:214,32,1,0
BRDA:217,33,0,0
BRDA:217,33,1,0
BRDA:219,34,0,0
BRDA:220,35,0,0
BRDA:221,36,0,0
BRDA:222,37,0,0
BRDA:223,38,0,0
BRDA:224,39,0,0
BRDA:229,40,0,0
BRDA:229,41,0,0
BRDA:229,41,1,0
BRDA:242,42,0,0
BRDA:243,43,0,0
BRDA:244,44,0,0
BRDA:245,45,0,0
BRDA:250,46,0,0
BRDA:255,47,0,0
BRDA:257,48,0,0
BRDA:257,48,1,0
BRDA:259,49,0,0
BRDA:263,50,0,0
BRDA:263,50,1,0
BRDA:264,51,0,0
BRDA:264,51,1,0
BRDA:264,51,2,0
BRDA:291,52,0,0
BRDA:291,53,0,0
BRDA:291,53,1,0
BRDA:297,54,0,0
BRDA:297,54,1,0
BRDA:298,55,0,0
BRDA:302,56,0,0
BRDA:310,57,0,0
BRDA:310,57,1,0
BRDA:311,58,0,0
BRDA:311,58,1,0
BRDA:312,59,0,0
BRDA:312,59,1,0
BRDA:313,60,0,0
BRDA:313,60,1,0
BRDA:313,61,0,0
BRDA:313,61,1,0
BRDA:341,62,0,0
BRDA:341,62,1,0
BRDA:343,63,0,0
BRDA:350,64,0,0
BRDA:352,65,0,0
BRDA:356,66,0,0
BRDA:356,67,0,0
BRDA:356,67,1,0
BRDA:363,68,0,0
BRDA:363,68,1,0
BRDA:364,69,0,0
BRDA:388,70,0,0
BRDA:388,71,0,0
BRDA:388,71,1,0
BRDA:416,72,0,0
BRDA:416,72,1,0
BRDA:439,73,0,0
BRDA:443,74,0,0
BRDA:443,75,0,0
BRDA:443,75,1,0
BRDA:452,76,0,0
BRDA:452,76,1,0
BRDA:452,77,0,0
BRDA:452,77,1,0
BRDA:469,78,0,0
BRDA:470,79,0,0
BRDA:475,80,0,0
BRDA:488,81,0,0
BRDA:491,82,0,0
BRDA:504,83,0,0
BRDA:522,84,0,0
BRDA:525,85,0,0
BRDA:525,86,0,0
BRDA:525,86,1,0
BRDA:525,86,2,0
BRDA:531,87,0,0
BRDA:537,88,0,0
BRDA:544,89,0,0
BRDA:544,90,0,0
BRDA:544,90,1,0
BRDA:553,91,0,0
BRDA:553,91,1,0
BRDA:563,92,0,0
BRDA:563,92,1,0
BRDA:563,93,0,0
BRDA:563,93,1,0
BRDA:578,94,0,0
BRDA:585,95,0,0
BRDA:591,96,0,0
BRDA:606,97,0,0
BRDA:606,97,1,0
BRDA:606,97,2,0
BRDA:607,98,0,0
BRDA:607,98,1,0
BRDA:607,98,2,0
BRDA:608,99,0,0
BRDA:608,99,1,0
BRDA:608,99,2,0
BRDA:609,100,0,0
BRDA:609,100,1,0
BRDA:610,101,0,0
BRDA:610,101,1,0
BRDA:611,102,0,0
BRDA:611,102,1,0
BRDA:622,103,0,0
BRDA:622,103,1,0
BRDA:637,104,0,0
BRDA:643,105,0,0
BRDA:648,106,0,0
BRDA:648,106,1,0
BRDA:703,107,0,0
BRDA:705,108,0,0
BRDA:715,109,0,0
BRDA:715,109,1,0
BRDA:715,109,2,0
BRDA:716,110,0,0
BRDA:723,111,0,0
BRDA:730,112,0,0
BRDA:730,112,1,0
BRDA:730,113,0,0
BRDA:730,113,1,0
BRDA:732,114,0,0
BRDA:738,115,0,0
BRDA:744,116,0,0
BRDA:747,117,0,0
BRDA:752,118,0,0
BRDA:755,119,0,0
BRDA:755,119,1,0
BRDA:755,120,0,0
BRDA:755,120,1,0
BRDA:757,121,0,0
BRDA:763,122,0,0
BRDA:763,123,0,0
BRDA:763,123,1,0
BRDA:767,124,0,0
BRDA:792,125,0,0
BRDA:797,126,0,0
BRDA:804,127,0,0
BRDA:811,128,0,0
BRDA:811,128,1,0
BRDA:821,129,0,0
BRDA:829,130,0,0
BRDA:852,131,0,0
BRDA:858,132,0,0
BRDA:865,133,0,0
BRDA:865,134,0,0
BRDA:865,134,1,0
BRDA:874,135,0,0
BRDA:897,136,0,0
BRDA:903,137,0,0
BRDA:910,138,0,0
BRDA:910,139,0,0
BRDA:910,139,1,0
BRDA:918,140,0,0
BRDA:941,141,0,0
BRDA:959,142,0,0
BRDA:962,143,0,0
BRDA:962,144,0,0
BRDA:962,144,1,0
BRDA:962,144,2,0
BRDA:966,145,0,0
BRDA:966,146,0,0
BRDA:966,146,1,0
BRDA:970,147,0,0
BRDA:970,148,0,0
BRDA:970,148,1,0
BRDA:974,149,0,0
BRDA:974,150,0,0
BRDA:974,150,1,0
BRDA:980,151,0,0
BRDA:985,152,0,0
BRDA:994,153,0,0
BRDA:994,153,1,0
BRDA:1017,154,0,0
BRDA:1023,155,0,0
BRDA:1039,156,0,0
BRDA:1039,156,1,0
BRDA:1040,157,0,0
BRDA:1040,157,1,0
BRDA:1041,158,0,0
BRDA:1041,158,1,0
BRDA:1042,159,0,0
BRDA:1042,159,1,0
BRDA:1043,160,0,0
BRDA:1043,160,1,0
BRDA:1064,161,0,0
BRDA:1070,162,0,0
BRDA:1078,163,0,0
BRDA:1078,164,0,0
BRDA:1078,164,1,0
BRDA:1080,165,0,0
BRDA:1118,166,0,0
BRDA:1124,167,0,0
BRDA:1129,168,0,0
BRDA:1136,169,0,0
BRDA:1153,170,0,0
BRDA:1153,171,0,0
BRDA:1153,171,1,0
BRDA:1153,171,2,0
BRDA:1155,172,0,0
BRDA:1217,173,0,0
BRDA:1217,174,0,0
BRDA:1217,174,1,0
BRDA:1217,174,2,0
BRDA:1221,175,0,0
BRDA:1221,176,0,0
BRDA:1221,176,1,0
BRDA:1225,177,0,0
BRDA:1225,178,0,0
BRDA:1225,178,1,0
BRDA:1229,179,0,0
BRDA:1229,180,0,0
BRDA:1229,180,1,0
BRDA:1234,181,0,0
BRDA:1239,182,0,0
BRDA:1248,183,0,0
BRDA:1248,183,1,0
BRDA:1273,184,0,0
BRDA:1289,185,0,0
BRDA:1289,185,1,0
BRDA:1290,186,0,0
BRDA:1290,186,1,0
BRDA:1291,187,0,0
BRDA:1291,187,1,0
BRDA:1292,188,0,0
BRDA:1292,188,1,0
BRDA:1293,189,0,0
BRDA:1293,189,1,0
BRDA:1316,190,0,0
BRDA:1324,191,0,0
BRDA:1324,192,0,0
BRDA:1324,192,1,0
BRDA:1326,193,0,0
BRDA:1363,194,0,0
BRDA:1368,195,0,0
BRDA:1375,196,0,0
BRDA:1392,197,0,0
BRDA:1392,198,0,0
BRDA:1392,198,1,0
BRDA:1392,198,2,0
BRDA:1394,199,0,0
BRDA:1453,200,0,0
BRDA:1458,201,0,0
BRDA:1480,202,0,0
BRDA:1480,202,1,0
BRDA:1483,203,0,0
BRDA:1487,204,0,0
BRDA:1487,205,0,0
BRDA:1487,205,1,0
BRDA:1491,206,0,0
BRDA:1491,207,0,0
BRDA:1491,207,1,0
BRDA:1496,208,0,0
BRDA:1501,209,0,0
BRDA:1511,210,0,0
BRDA:1511,210,1,0
BRDA:1513,211,0,0
BRDA:1513,211,1,0
BRDA:1514,212,0,0
BRDA:1514,212,1,0
BRDA:1517,213,0,0
BRDA:1517,213,1,0
BRDA:1519,214,0,0
BRDA:1519,214,1,0
BRDA:1543,215,0,0
BRDA:1559,216,0,0
BRDA:1559,216,1,0
BRDA:1560,217,0,0
BRDA:1560,217,1,0
BRDA:1561,218,0,0
BRDA:1561,218,1,0
BRDA:1562,219,0,0
BRDA:1562,219,1,0
BRDA:1563,220,0,0
BRDA:1563,220,1,0
BRDA:1564,221,0,0
BRDA:1564,221,1,0
BRDA:1565,222,0,0
BRDA:1565,222,1,0
BRDA:1591,223,0,0
BRDA:1620,224,0,0
BRDA:1620,225,0,0
BRDA:1620,225,1,0
BRDA:1627,226,0,0
BRDA:1636,227,0,0
BRDA:1660,228,0,0
BRDA:1660,228,1,0
BRDA:1684,229,0,0
BRDA:1688,230,0,0
BRDA:1688,230,1,0
BRDA:1692,231,0,0
BRDA:1739,232,0,0
BRDA:1750,233,0,0
BRDA:1751,234,0,0
BRDA:1751,234,1,0
BRDA:1751,234,2,0
BRDA:1774,235,0,0
BRDA:1784,236,0,0
BRDA:1784,236,1,0
BRDA:1785,237,0,0
BRDA:1785,237,1,0
BRDA:1789,238,0,0
BRDA:1789,238,1,0
BRDA:1829,239,0,0
BRDA:1829,239,1,0
BRDA:1848,240,0,0
BRDA:1848,241,0,0
BRDA:1848,241,1,0
BRDA:1853,242,0,0
BRDA:1853,242,1,0
BRDA:1854,243,0,0
BRDA:1854,244,0,0
BRDA:1854,244,1,0
BRDA:1858,245,0,0
BRDA:1858,246,0,0
BRDA:1858,246,1,0
BRDA:1887,247,0,0
BRDA:1887,247,1,0
BRF:384
BRH:0
end_of_record
TN:
SF:src/controllers/chat.controller.ts
FN:16,listConversations
FN:28,createConversation
FN:41,getConversation
FN:57,updateConversation
FN:70,deleteConversation
FN:82,listMessages
FN:96,generateTitle
FN:120,(anonymous_17)
FNF:8
FNH:0
FNDA:0,listConversations
FNDA:0,createConversation
FNDA:0,getConversation
FNDA:0,updateConversation
FNDA:0,deleteConversation
FNDA:0,listMessages
FNDA:0,generateTitle
FNDA:0,(anonymous_17)
DA:6,0
DA:8,0
DA:9,0
DA:10,0
DA:11,0
DA:16,0
DA:17,0
DA:18,0
DA:19,0
DA:21,0
DA:28,0
DA:29,0
DA:30,0
DA:31,0
DA:32,0
DA:34,0
DA:41,0
DA:42,0
DA:43,0
DA:44,0
DA:45,0
DA:46,0
DA:48,0
DA:50,0
DA:57,0
DA:58,0
DA:59,0
DA:60,0
DA:61,0
DA:63,0
DA:70,0
DA:71,0
DA:72,0
DA:73,0
DA:75,0
DA:82,0
DA:83,0
DA:84,0
DA:85,0
DA:87,0
DA:96,0
DA:97,0
DA:98,0
DA:99,0
DA:100,0
DA:101,0
DA:102,0
DA:106,0
DA:107,0
DA:108,0
DA:111,0
DA:112,0
DA:113,0
DA:114,0
DA:118,0
DA:120,0
DA:124,0
DA:125,0
DA:133,0
DA:139,0
DA:141,0
DA:143,0
DA:144,0
DA:146,0
DA:147,0
DA:148,0
DA:150,0
DA:152,0
DA:153,0
DA:154,0
DA:156,0
LF:71
LH:0
BRDA:44,0,0,0
BRDA:100,1,0,0
BRDA:106,2,0,0
BRDA:106,3,0,0
BRDA:106,3,1,0
BRDA:112,4,0,0
BRDA:139,5,0,0
BRDA:139,5,1,0
BRDA:143,6,0,0
BRDA:144,7,0,0
BRDA:154,8,0,0
BRDA:154,8,1,0
BRF:12
BRH:0
end_of_record
TN:
SF:src/controllers/health.controller.ts
FN:7,healthCheck
FNF:1
FNH:1
FNDA:2,healthCheck
DA:7,1
DA:8,2
LF:2
LH:2
BRF:0
BRH:0
end_of_record
TN:
SF:src/controllers/intent.controller.ts
FN:12,classify
FNF:1
FNH:0
FNDA:0,classify
DA:6,0
DA:12,0
DA:13,0
DA:14,0
DA:15,0
DA:16,0
DA:17,0
DA:20,0
DA:22,0
DA:27,0
DA:29,0
LF:11
LH:0
BRDA:15,0,0,0
BRDA:15,1,0,0
BRDA:15,1,1,0
BRF:3
BRH:0
end_of_record
TN:
SF:src/controllers/knowledge.controller.ts
FN:19,resolveAgentDataDir
FN:20,(anonymous_11)
FN:29,getKnowledgeStatus
FN:66,clearKnowledge
FN:88,listKnowledgeDocs
FN:104,deleteKnowledgeDoc
FN:124,ingestConversation
FN:142,(anonymous_17)
FN:143,(anonymous_18)
FN:154,(anonymous_19)
FN:160,(anonymous_20)
FN:166,(anonymous_21)
FN:189,getAllKnowledgeStatus
FN:192,(anonymous_23)
FN:203,(anonymous_24)
FNF:15
FNH:0
FNDA:0,resolveAgentDataDir
FNDA:0,(anonymous_11)
FNDA:0,getKnowledgeStatus
FNDA:0,clearKnowledge
FNDA:0,listKnowledgeDocs
FNDA:0,deleteKnowledgeDoc
FNDA:0,ingestConversation
FNDA:0,(anonymous_17)
FNDA:0,(anonymous_18)
FNDA:0,(anonymous_19)
FNDA:0,(anonymous_20)
FNDA:0,(anonymous_21)
FNDA:0,getAllKnowledgeStatus
FNDA:0,(anonymous_23)
FNDA:0,(anonymous_24)
DA:8,0
DA:9,0
DA:10,0
DA:12,0
DA:13,0
DA:15,0
DA:16,0
DA:20,0
DA:21,0
DA:29,0
DA:30,0
DA:31,0
DA:32,0
DA:33,0
DA:34,0
DA:37,0
DA:38,0
DA:39,0
DA:40,0
DA:47,0
DA:49,0
DA:57,0
DA:66,0
DA:67,0
DA:68,0
DA:69,0
DA:70,0
DA:72,0
DA:73,0
DA:74,0
DA:77,0
DA:79,0
DA:88,0
DA:89,0
DA:90,0
DA:91,0
DA:92,0
DA:93,0
DA:95,0
DA:104,0
DA:105,0
DA:106,0
DA:107,0
DA:108,0
DA:109,0
DA:110,0
DA:112,0
DA:124,0
DA:125,0
DA:126,0
DA:127,0
DA:129,0
DA:130,0
DA:131,0
DA:134,0
DA:135,0
DA:136,0
DA:137,0
DA:141,0
DA:142,0
DA:143,0
DA:145,0
DA:146,0
DA:147,0
DA:150,0
DA:151,0
DA:154,0
DA:160,0
DA:161,0
DA:164,0
DA:166,0
DA:167,0
DA:168,0
DA:169,0
DA:170,0
DA:172,0
DA:173,0
DA:174,0
DA:178,0
DA:180,0
DA:189,0
DA:190,0
DA:191,0
DA:192,0
DA:193,0
DA:194,0
DA:195,0
DA:196,0
DA:197,0
DA:198,0
DA:203,0
DA:206,0
DA:208,0
LF:93
LH:0
BRDA:38,0,0,0
BRDA:72,1,0,0
BRDA:129,2,0,0
BRDA:135,3,0,0
BRDA:141,4,0,0
BRDA:141,4,1,0
BRDA:143,5,0,0
BRDA:143,5,1,0
BRDA:145,6,0,0
BRDA:151,7,0,0
BRDA:151,7,1,0
BRDA:172,8,0,0
BRDA:172,8,1,0
BRDA:197,9,0,0
BRDA:197,9,1,0
BRF:15
BRH:0
end_of_record
TN:
SF:src/infra/db/lancedb.client.ts
FN:24,getLanceDbDir
FNF:1
FNH:0
FNDA:0,getLanceDbDir
DA:11,0
DA:12,0
DA:13,0
DA:16,0
DA:24,0
DA:25,0
DA:29,0
DA:30,0
DA:31,0
DA:33,0
LF:10
LH:0
BRDA:25,0,0,0
BRDA:25,0,1,0
BRDA:29,1,0,0
BRF:3
BRH:0
end_of_record
TN:
SF:src/infra/db/sqlite.client.ts
FN:9,getDb
FN:24,closeDb
FNF:2
FNH:0
FNDA:0,getDb
FNDA:0,closeDb
DA:1,0
DA:2,0
DA:3,0
DA:4,0
DA:6,0
DA:9,0
DA:10,0
DA:12,0
DA:13,0
DA:14,0
DA:16,0
DA:17,0
DA:18,0
DA:20,0
DA:24,0
DA:25,0
DA:26,0
DA:27,0
LF:18
LH:0
BRDA:10,0,0,0
BRDA:13,1,0,0
BRDA:25,2,0,0
BRF:3
BRH:0
end_of_record
TN:
SF:src/infra/logger/logger.ts
FN:9,(anonymous_1)
FNF:1
FNH:1
FNDA:8,(anonymous_1)
DA:1,4
DA:2,4
DA:4,4
DA:10,8
DA:11,8
DA:24,4
LF:6
LH:6
BRDA:10,0,0,3
BRDA:10,0,1,5
BRDA:11,1,0,1
BRDA:11,1,1,7
BRF:4
BRH:4
end_of_record
TN:
SF:src/integrations/llm.factory.ts
FN:18,createChatModel
FNF:1
FNH:1
FNDA:2,createChatModel
DA:8,1
DA:18,1
DA:19,2
LF:3
LH:3
BRF:0
BRH:0
end_of_record
TN:
SF:src/integrations/openai.client.ts
FN:16,createOpenAIChat
FNF:1
FNH:1
FNDA:8,createOpenAIChat
DA:1,2
DA:16,2
DA:18,8
DA:19,8
DA:20,2
DA:22,8
DA:23,1
DA:25,7
LF:8
LH:8
BRDA:18,0,0,8
BRDA:18,0,1,1
BRDA:19,1,0,2
BRDA:20,2,0,2
BRDA:20,2,1,1
BRDA:20,2,2,0
BRDA:22,3,0,1
BRDA:28,4,0,7
BRDA:28,4,1,5
BRDA:30,5,0,2
BRDA:30,5,1,5
BRF:11
BRH:10
end_of_record
TN:
SF:src/middlewares/error.middleware.ts
FN:5,errorMiddleware
FNF:1
FNH:1
FNDA:1,errorMiddleware
DA:2,1
DA:5,1
DA:6,1
DA:8,1
DA:14,1
LF:5
LH:5
BRDA:10,0,0,1
BRDA:10,0,1,0
BRDA:11,1,0,0
BRDA:11,1,1,1
BRF:4
BRH:2
end_of_record
TN:
SF:src/middlewares/logger.middleware.ts
FN:4,loggerMiddleware
FN:11,(anonymous_2)
FNF:2
FNH:1
FNDA:2,loggerMiddleware
FNDA:0,(anonymous_2)
DA:2,1
DA:4,1
DA:5,2
DA:6,2
DA:11,2
DA:12,0
DA:13,0
DA:16,2
LF:8
LH:6
BRDA:8,0,0,0
BRDA:8,0,1,2
BRF:2
BRH:1
end_of_record
TN:
SF:src/middlewares/rate-limit.middleware.ts
FN:9,rateLimitMiddleware
FN:13,(anonymous_1)
FNF:2
FNH:2
FNDA:3,rateLimitMiddleware
FNDA:11,(anonymous_1)
DA:7,1
DA:9,1
DA:13,3
DA:14,11
DA:15,11
DA:16,11
DA:18,11
DA:19,1
DA:20,1
DA:23,11
DA:25,11
DA:26,6
DA:30,6
DA:33,5
LF:14
LH:14
BRDA:10,0,0,0
BRDA:11,1,0,0
BRDA:14,2,0,11
BRDA:14,2,1,0
BRDA:18,3,0,1
BRDA:18,4,0,11
BRDA:18,4,1,10
BRDA:25,5,0,6
BRF:8
BRH:5
end_of_record
TN:
SF:src/models/agent-log.model.ts
FN:5,createAgentLog
FN:31,listAgentLogs
FNF:2
FNH:0
FNDA:0,createAgentLog
FNDA:0,listAgentLogs
DA:1,0
DA:3,0
DA:5,0
DA:13,0
DA:14,0
DA:24,0
DA:28,0
DA:31,0
DA:32,0
DA:33,0
LF:10
LH:0
BRDA:21,0,0,0
BRDA:21,0,1,0
BRF:2
BRH:0
end_of_record
TN:
SF:src/models/config.model.ts
FN:5,getConfig
FN:10,listConfigs
FN:15,upsertConfig
FN:25,getConfigJSON
FNF:4
FNH:0
FNDA:0,getConfig
FNDA:0,listConfigs
FNDA:0,upsertConfig
FNDA:0,getConfigJSON
DA:1,0
DA:3,0
DA:5,0
DA:6,0
DA:7,0
DA:10,0
DA:11,0
DA:12,0
DA:15,0
DA:16,0
DA:17,0
DA:25,0
DA:26,0
DA:27,0
DA:28,0
DA:29,0
DA:31,0
LF:17
LH:0
BRDA:15,0,0,0
BRDA:27,1,0,0
BRF:2
BRH:0
end_of_record
TN:
SF:src/models/conversation.model.ts
FN:5,createConversation
FN:20,listConversations
FN:25,getConversation
FN:30,updateConversation
FN:42,deleteConversation
FNF:5
FNH:0
FNDA:0,createConversation
FNDA:0,listConversations
FNDA:0,getConversation
FNDA:0,updateConversation
FNDA:0,deleteConversation
DA:1,0
DA:3,0
DA:5,0
DA:6,0
DA:7,0
DA:8,0
DA:15,0
DA:17,0
DA:20,0
DA:21,0
DA:22,0
DA:25,0
DA:26,0
DA:27,0
DA:30,0
DA:31,0
DA:32,0
DA:33,0
DA:34,0
DA:35,0
DA:36,0
DA:37,0
DA:38,0
DA:39,0
DA:42,0
DA:43,0
DA:44,0
LF:27
LH:0
BRDA:10,0,0,0
BRDA:10,0,1,0
BRDA:34,1,0,0
BRDA:35,2,0,0
BRF:4
BRH:0
end_of_record
TN:
SF:src/models/message.model.ts
FN:5,createMessage
FN:27,listMessages
FN:34,deleteMessagesByConversation
FNF:3
FNH:0
FNDA:0,createMessage
FNDA:0,listMessages
FNDA:0,deleteMessagesByConversation
DA:1,0
DA:3,0
DA:5,0
DA:11,0
DA:12,0
DA:20,0
DA:24,0
DA:27,0
DA:28,0
DA:29,0
DA:34,0
DA:35,0
DA:36,0
LF:13
LH:0
BRDA:23,0,0,0
BRDA:23,0,1,0
BRF:2
BRH:0
end_of_record
TN:
SF:src/models/task.model.ts
FN:5,createTask
FN:28,getTask
FN:33,listTasks
FN:41,updateTask
FN:55,heartbeatTask
FNF:5
FNH:0
FNDA:0,createTask
FNDA:0,getTask
FNDA:0,listTasks
FNDA:0,updateTask
FNDA:0,heartbeatTask
DA:1,0
DA:3,0
DA:5,0
DA:10,0
DA:11,0
DA:12,0
DA:21,0
DA:25,0
DA:28,0
DA:29,0
DA:30,0
DA:33,0
DA:34,0
DA:35,0
DA:36,0
DA:38,0
DA:41,0
DA:42,0
DA:43,0
DA:44,0
DA:45,0
DA:46,0
DA:47,0
DA:48,0
DA:49,0
DA:50,0
DA:51,0
DA:52,0
DA:55,0
DA:56,0
DA:57,0
LF:31
LH:0
BRDA:24,0,0,0
BRDA:24,0,1,0
BRDA:35,1,0,0
BRDA:45,2,0,0
BRDA:46,3,0,0
BRDA:47,4,0,0
BRDA:48,5,0,0
BRF:7
BRH:0
end_of_record
TN:
SF:src/routes/admin.routes.ts
FN:16,(anonymous_10)
FN:25,(anonymous_11)
FN:39,(anonymous_12)
FN:54,(anonymous_13)
FN:65,(anonymous_14)
FN:79,(anonymous_15)
FNF:6
FNH:0
FNDA:0,(anonymous_10)
FNDA:0,(anonymous_11)
FNDA:0,(anonymous_12)
FNDA:0,(anonymous_13)
FNDA:0,(anonymous_14)
FNDA:0,(anonymous_15)
DA:5,0
DA:6,0
DA:7,0
DA:9,0
DA:10,0
DA:11,0
DA:13,0
DA:16,0
DA:17,0
DA:18,0
DA:20,0
DA:25,0
DA:26,0
DA:27,0
DA:28,0
DA:29,0
DA:30,0
DA:32,0
DA:34,0
DA:39,0
DA:40,0
DA:41,0
DA:42,0
DA:43,0
DA:44,0
DA:46,0
DA:47,0
DA:49,0
DA:54,0
DA:55,0
DA:56,0
DA:57,0
DA:58,0
DA:60,0
DA:65,0
DA:66,0
DA:67,0
DA:68,0
DA:69,0
DA:70,0
DA:72,0
DA:74,0
DA:79,0
DA:80,0
DA:81,0
DA:84,0
DA:85,0
DA:86,0
DA:97,0
DA:98,0
DA:99,0
DA:100,0
DA:101,0
DA:102,0
DA:106,0
DA:107,0
DA:109,0
DA:110,0
DA:114,0
DA:115,0
DA:116,0
DA:117,0
DA:118,0
DA:119,0
DA:121,0
DA:125,0
DA:127,0
DA:131,0
LF:68
LH:0
BRDA:28,0,0,0
BRDA:42,1,0,0
BRDA:68,2,0,0
BRDA:84,3,0,0
BRDA:84,4,0,0
BRDA:84,4,1,0
BRDA:102,5,0,0
BRDA:102,5,1,0
BRDA:109,6,0,0
BRDA:109,6,1,0
BRDA:110,7,0,0
BRDA:110,7,1,0
BRDA:114,8,0,0
BRDA:117,9,0,0
BRDA:117,9,1,0
BRF:15
BRH:0
end_of_record
TN:
SF:src/routes/agent.routes.ts
FNF:0
FNH:0
DA:5,0
DA:6,0
DA:8,0
DA:11,0
DA:14,0
DA:20,0
LF:6
LH:0
BRF:0
BRH:0
end_of_record
TN:
SF:src/routes/chat.routes.ts
FNF:0
FNH:0
DA:5,0
DA:6,0
DA:8,0
DA:11,0
DA:14,0
DA:17,0
DA:20,0
DA:23,0
DA:26,0
DA:29,0
DA:31,0
LF:11
LH:0
BRF:0
BRH:0
end_of_record
TN:
SF:src/routes/index.ts
FN:90,(anonymous_1)
FN:96,(anonymous_2)
FNF:2
FNH:0
FNDA:0,(anonymous_1)
FNDA:0,(anonymous_2)
DA:7,0
DA:8,0
DA:9,0
DA:10,0
DA:11,0
DA:12,0
DA:13,0
DA:14,0
DA:16,0
DA:19,0
DA:22,0
DA:25,0
DA:28,0
DA:31,0
DA:34,0
DA:37,0
DA:40,0
DA:41,0
DA:42,0
DA:43,0
DA:44,0
DA:46,0
DA:47,0
DA:48,0
DA:51,0
DA:52,0
DA:53,0
DA:54,0
DA:56,0
DA:59,0
DA:60,0
DA:61,0
DA:62,0
DA:64,0
DA:67,0
DA:68,0
DA:69,0
DA:70,0
DA:71,0
DA:72,0
DA:73,0
DA:74,0
DA:75,0
DA:78,0
DA:81,0
DA:84,0
DA:87,0
DA:90,0
DA:92,0
DA:93,0
DA:96,0
DA:97,0
DA:98,0
DA:101,0
LF:54
LH:0
BRDA:92,0,0,0
BRDA:92,0,1,0
BRF:2
BRH:0
end_of_record
TN:
SF:src/routes/intent.routes.ts
FNF:0
FNH:0
DA:5,0
DA:6,0
DA:8,0
DA:11,0
DA:13,0
LF:5
LH:0
BRF:0
BRH:0
end_of_record
TN:
SF:src/routes/knowledge.routes.ts
FNF:0
FNH:0
DA:5,0
DA:6,0
DA:8,0
DA:11,0
DA:14,0
DA:17,0
DA:20,0
DA:23,0
DA:26,0
DA:28,0
LF:10
LH:0
BRF:0
BRH:0
end_of_record
TN:
SF:src/services/aggregation.service.ts
FN:20,aggregateOutputs
FN:47,(anonymous_2)
FNF:2
FNH:2
FNDA:3,aggregateOutputs
FNDA:2,(anonymous_2)
DA:8,1
DA:20,1
DA:23,3
DA:24,1
DA:27,2
DA:28,1
DA:29,1
DA:37,1
DA:38,1
DA:40,1
DA:41,2
DA:42,2
DA:45,1
DA:46,1
DA:47,2
DA:50,1
LF:16
LH:16
BRDA:23,0,0,1
BRDA:27,1,0,1
BRF:2
BRH:2
end_of_record
TN:
SF:src/services/chat.service.ts
FN:16,createConversation
FN:20,listConversations
FN:24,getConversation
FN:28,updateConversation
FN:35,deleteConversation
FN:43,addMessage
FN:54,listMessages
FNF:7
FNH:0
FNDA:0,createConversation
FNDA:0,listConversations
FNDA:0,getConversation
FNDA:0,updateConversation
FNDA:0,deleteConversation
FNDA:0,addMessage
FNDA:0,listMessages
DA:10,0
DA:11,0
DA:16,0
DA:17,0
DA:20,0
DA:21,0
DA:24,0
DA:25,0
DA:28,0
DA:32,0
DA:35,0
DA:37,0
DA:38,0
DA:43,0
DA:50,0
DA:51,0
DA:54,0
DA:55,0
LF:18
LH:0
BRF:0
BRH:0
end_of_record
TN:
SF:src/services/intent.service.ts
FN:12,classifyIntent
FNF:1
FNH:0
FNDA:0,classifyIntent
DA:7,0
DA:9,0
DA:10,0
DA:12,0
DA:16,0
DA:19,0
DA:21,0
DA:31,0
LF:8
LH:0
BRDA:31,0,0,0
BRDA:31,0,1,0
BRF:2
BRH:0
end_of_record
TN:
SF:src/services/router.service.ts
FN:24,buildRoutePlan
FN:33,(anonymous_2)
FNF:2
FNH:0
FNDA:0,buildRoutePlan
FNDA:0,(anonymous_2)
DA:9,0
DA:10,0
DA:24,0
DA:26,0
DA:27,0
DA:28,0
DA:32,0
DA:33,0
DA:34,0
DA:35,0
DA:38,0
DA:39,0
DA:40,0
DA:44,0
DA:45,0
DA:47,0
LF:16
LH:0
BRDA:26,0,0,0
BRDA:26,1,0,0
BRDA:26,1,1,0
BRDA:38,2,0,0
BRF:4
BRH:0
end_of_record
TN:
SF:src/services/task.service.ts
FN:11,createTask
FN:21,getTask
FN:25,listTasks
FN:29,succeedTask
FN:38,failTask
FN:43,updateTaskProgress
FN:47,cancelTask
FN:52,heartbeat
FN:59,detectStaleTasks
FNF:9
FNH:0
FNDA:0,createTask
FNDA:0,getTask
FNDA:0,listTasks
FNDA:0,succeedTask
FNDA:0,failTask
FNDA:0,updateTaskProgress
FNDA:0,cancelTask
FNDA:0,heartbeat
FNDA:0,detectStaleTasks
DA:7,0
DA:9,0
DA:11,0
DA:16,0
DA:17,0
DA:18,0
DA:21,0
DA:22,0
DA:25,0
DA:26,0
DA:29,0
DA:30,0
DA:35,0
DA:38,0
DA:39,0
DA:40,0
DA:43,0
DA:44,0
DA:47,0
DA:48,0
DA:49,0
DA:52,0
DA:53,0
DA:59,0
DA:60,0
DA:61,0
DA:63,0
DA:64,0
DA:68,0
DA:69,0
DA:70,0
LF:31
LH:0
BRDA:59,0,0,0
BRDA:64,1,0,0
BRDA:64,1,1,0
BRDA:68,2,0,0
BRF:4
BRH:0
end_of_record
TN:
SF:src/services/ws.service.ts
FN:26,initWebSocket
FN:29,(anonymous_2)
FN:32,(anonymous_3)
FN:36,(anonymous_4)
FN:48,broadcast
FN:52,(anonymous_6)
FN:62,broadcastTaskUpdate
FN:72,broadcastNewMessage
FN:103,broadcastExecutionStep
FNF:9
FNH:0
FNDA:0,initWebSocket
FNDA:0,(anonymous_2)
FNDA:0,(anonymous_3)
FNDA:0,(anonymous_4)
FNDA:0,broadcast
FNDA:0,(anonymous_6)
FNDA:0,broadcastTaskUpdate
FNDA:0,broadcastNewMessage
FNDA:0,broadcastExecutionStep
DA:13,0
DA:14,0
DA:16,0
DA:26,0
DA:27,0
DA:29,0
DA:30,0
DA:32,0
DA:33,0
DA:36,0
DA:37,0
DA:41,0
DA:42,0
DA:48,0
DA:49,0
DA:50,0
DA:51,0
DA:52,0
DA:53,0
DA:54,0
DA:62,0
DA:63,0
DA:72,0
DA:73,0
DA:103,0
DA:108,0
DA:109,0
LF:27
LH:0
BRDA:49,0,0,0
BRDA:53,1,0,0
BRF:2
BRH:0
end_of_record
TN:
SF:src/utils/uuid.ts
FN:4,generateId
FN:9,nowISO
FNF:2
FNH:2
FNDA:101,generateId
FNDA:2,nowISO
DA:1,1
DA:4,1
DA:5,101
DA:9,1
DA:10,2
LF:5
LH:5
BRF:0
BRH:0
end_of_record
